[2021-04-05 06:30:53] local.ERROR: Class App\Http\Middleware\CheckForMaintenanceMode does not exist {"exception":"[object] (ReflectionException(code: -1): Class App\\Http\\Middleware\\CheckForMaintenanceMode does not exist at C:\\Users\\Rubayet Anjum Joy\\Desktop\\Laravel Project\\blog\\vendor\\laravel\\framework\\src\\Illuminate\\Container\\Container.php:788)
[stacktrace]
#0 C:\\Users\\Rubayet Anjum Joy\\Desktop\\Laravel Project\\blog\\vendor\\laravel\\framework\\src\\Illuminate\\Container\\Container.php(788): ReflectionClass->__construct('App\\\\Http\\\\Middle...')
#1 C:\\Users\\Rubayet Anjum Joy\\Desktop\\Laravel Project\\blog\\vendor\\laravel\\framework\\src\\Illuminate\\Container\\Container.php(667): Illuminate\\Container\\Container->build('App\\\\Http\\\\Middle...')
#2 C:\\Users\\Rubayet Anjum Joy\\Desktop\\Laravel Project\\blog\\vendor\\laravel\\framework\\src\\Illuminate\\Container\\Container.php(615): Illuminate\\Container\\Container->resolve('App\\\\Http\\\\Middle...', Array)
#3 C:\\Users\\Rubayet Anjum Joy\\Desktop\\Laravel Project\\blog\\vendor\\laravel\\framework\\src\\Illuminate\\Foundation\\Application.php(767): Illuminate\\Container\\Container->make('App\\\\Http\\\\Middle...', Array)
#4 C:\\Users\\Rubayet Anjum Joy\\Desktop\\Laravel Project\\blog\\vendor\\laravel\\framework\\src\\Illuminate\\Pipeline\\Pipeline.php(152): Illuminate\\Foundation\\Application->make('App\\\\Http\\\\Middle...')
#5 C:\\Users\\Rubayet Anjum Joy\\Desktop\\Laravel Project\\blog\\vendor\\laravel\\framework\\src\\Illuminate\\Routing\\Pipeline.php(53): Illuminate\\Pipeline\\Pipeline->Illuminate\\Pipeline\\{closure}(Object(Illuminate\\Http\\Request))
#6 C:\\Users\\Rubayet Anjum Joy\\Desktop\\Laravel Project\\blog\\vendor\\fideloper\\proxy\\src\\TrustProxies.php(57): Illuminate\\Routing\\Pipeline->Illuminate\\Routing\\{closure}(Object(Illuminate\\Http\\Request))
#7 C:\\Users\\Rubayet Anjum Joy\\Desktop\\Laravel Project\\blog\\vendor\\laravel\\framework\\src\\Illuminate\\Pipeline\\Pipeline.php(163): Fideloper\\Proxy\\TrustProxies->handle(Object(Illuminate\\Http\\Request), Object(Closure))
#8 C:\\Users\\Rubayet Anjum Joy\\Desktop\\Laravel Project\\blog\\vendor\\laravel\\framework\\src\\Illuminate\\Routing\\Pipeline.php(53): Illuminate\\Pipeline\\Pipeline->Illuminate\\Pipeline\\{closure}(Object(Illuminate\\Http\\Request))
#9 C:\\Users\\Rubayet Anjum Joy\\Desktop\\Laravel Project\\blog\\vendor\\laravel\\framework\\src\\Illuminate\\Pipeline\\Pipeline.php(104): Illuminate\\Routing\\Pipeline->Illuminate\\Routing\\{closure}(Object(Illuminate\\Http\\Request))
#10 C:\\Users\\Rubayet Anjum Joy\\Desktop\\Laravel Project\\blog\\vendor\\laravel\\framework\\src\\Illuminate\\Foundation\\Http\\Kernel.php(151): Illuminate\\Pipeline\\Pipeline->then(Object(Closure))
#11 C:\\Users\\Rubayet Anjum Joy\\Desktop\\Laravel Project\\blog\\vendor\\laravel\\framework\\src\\Illuminate\\Foundation\\Http\\Kernel.php(116): Illuminate\\Foundation\\Http\\Kernel->sendRequestThroughRouter(Object(Illuminate\\Http\\Request))
#12 C:\\Users\\Rubayet Anjum Joy\\Desktop\\Laravel Project\\blog\\public\\index.php(55): Illuminate\\Foundation\\Http\\Kernel->handle(Object(Illuminate\\Http\\Request))
#13 C:\\Users\\Rubayet Anjum Joy\\Desktop\\Laravel Project\\blog\\server.php(21): require_once('C:\\\\Users\\\\Rubaye...')
#14 {main}
"} 
[2021-04-05 06:30:53] local.ERROR: Class App\Http\Middleware\CheckForMaintenanceMode does not exist {"exception":"[object] (ReflectionException(code: -1): Class App\\Http\\Middleware\\CheckForMaintenanceMode does not exist at C:\\Users\\Rubayet Anjum Joy\\Desktop\\Laravel Project\\blog\\vendor\\laravel\\framework\\src\\Illuminate\\Container\\Container.php:788)
[stacktrace]
#0 C:\\Users\\Rubayet Anjum Joy\\Desktop\\Laravel Project\\blog\\vendor\\laravel\\framework\\src\\Illuminate\\Container\\Container.php(788): ReflectionClass->__construct('App\\\\Http\\\\Middle...')
#1 C:\\Users\\Rubayet Anjum Joy\\Desktop\\Laravel Project\\blog\\vendor\\laravel\\framework\\src\\Illuminate\\Container\\Container.php(667): Illuminate\\Container\\Container->build('App\\\\Http\\\\Middle...')
#2 C:\\Users\\Rubayet Anjum Joy\\Desktop\\Laravel Project\\blog\\vendor\\laravel\\framework\\src\\Illuminate\\Container\\Container.php(615): Illuminate\\Container\\Container->resolve('App\\\\Http\\\\Middle...', Array)
#3 C:\\Users\\Rubayet Anjum Joy\\Desktop\\Laravel Project\\blog\\vendor\\laravel\\framework\\src\\Illuminate\\Foundation\\Application.php(767): Illuminate\\Container\\Container->make('App\\\\Http\\\\Middle...', Array)
#4 C:\\Users\\Rubayet Anjum Joy\\Desktop\\Laravel Project\\blog\\vendor\\laravel\\framework\\src\\Illuminate\\Foundation\\Http\\Kernel.php(215): Illuminate\\Foundation\\Application->make('App\\\\Http\\\\Middle...')
#5 C:\\Users\\Rubayet Anjum Joy\\Desktop\\Laravel Project\\blog\\vendor\\laravel\\framework\\src\\Illuminate\\Foundation\\Http\\Kernel.php(189): Illuminate\\Foundation\\Http\\Kernel->terminateMiddleware(Object(Illuminate\\Http\\Request), Object(Illuminate\\Http\\Response))
#6 C:\\Users\\Rubayet Anjum Joy\\Desktop\\Laravel Project\\blog\\public\\index.php(60): Illuminate\\Foundation\\Http\\Kernel->terminate(Object(Illuminate\\Http\\Request), Object(Illuminate\\Http\\Response))
#7 C:\\Users\\Rubayet Anjum Joy\\Desktop\\Laravel Project\\blog\\server.php(21): require_once('C:\\\\Users\\\\Rubaye...')
#8 {main}
"} 
[2021-04-05 06:34:01] local.ERROR: include(C:\Users\Rubayet Anjum Joy\Desktop\Laravel Project\blog\vendor\composer/../../app/Http/Middleware/CheckForMaintenanceMode.php): failed to open stream: No such file or directory {"exception":"[object] (ErrorException(code: 0): include(C:\\Users\\Rubayet Anjum Joy\\Desktop\\Laravel Project\\blog\\vendor\\composer/../../app/Http/Middleware/CheckForMaintenanceMode.php): failed to open stream: No such file or directory at C:\\Users\\Rubayet Anjum Joy\\Desktop\\Laravel Project\\blog\\vendor\\composer\\ClassLoader.php:476)
[stacktrace]
#0 C:\\Users\\Rubayet Anjum Joy\\Desktop\\Laravel Project\\blog\\vendor\\composer\\ClassLoader.php(476): Illuminate\\Foundation\\Bootstrap\\HandleExceptions->handleError(2, 'include(C:\\\\User...', 'C:\\\\Users\\\\Rubaye...', 476, Array)
#1 C:\\Users\\Rubayet Anjum Joy\\Desktop\\Laravel Project\\blog\\vendor\\composer\\ClassLoader.php(476): include()
#2 C:\\Users\\Rubayet Anjum Joy\\Desktop\\Laravel Project\\blog\\vendor\\composer\\ClassLoader.php(344): Composer\\Autoload\\includeFile('C:\\\\Users\\\\Rubaye...')
#3 [internal function]: Composer\\Autoload\\ClassLoader->loadClass('App\\\\Http\\\\Middle...')
#4 [internal function]: spl_autoload_call('App\\\\Http\\\\Middle...')
#5 C:\\Users\\Rubayet Anjum Joy\\Desktop\\Laravel Project\\blog\\vendor\\laravel\\framework\\src\\Illuminate\\Container\\Container.php(788): ReflectionClass->__construct('App\\\\Http\\\\Middle...')
#6 C:\\Users\\Rubayet Anjum Joy\\Desktop\\Laravel Project\\blog\\vendor\\laravel\\framework\\src\\Illuminate\\Container\\Container.php(667): Illuminate\\Container\\Container->build('App\\\\Http\\\\Middle...')
#7 C:\\Users\\Rubayet Anjum Joy\\Desktop\\Laravel Project\\blog\\vendor\\laravel\\framework\\src\\Illuminate\\Container\\Container.php(615): Illuminate\\Container\\Container->resolve('App\\\\Http\\\\Middle...', Array)
#8 C:\\Users\\Rubayet Anjum Joy\\Desktop\\Laravel Project\\blog\\vendor\\laravel\\framework\\src\\Illuminate\\Foundation\\Application.php(767): Illuminate\\Container\\Container->make('App\\\\Http\\\\Middle...', Array)
#9 C:\\Users\\Rubayet Anjum Joy\\Desktop\\Laravel Project\\blog\\vendor\\laravel\\framework\\src\\Illuminate\\Pipeline\\Pipeline.php(152): Illuminate\\Foundation\\Application->make('App\\\\Http\\\\Middle...')
#10 C:\\Users\\Rubayet Anjum Joy\\Desktop\\Laravel Project\\blog\\vendor\\laravel\\framework\\src\\Illuminate\\Routing\\Pipeline.php(53): Illuminate\\Pipeline\\Pipeline->Illuminate\\Pipeline\\{closure}(Object(Illuminate\\Http\\Request))
#11 C:\\Users\\Rubayet Anjum Joy\\Desktop\\Laravel Project\\blog\\vendor\\fideloper\\proxy\\src\\TrustProxies.php(57): Illuminate\\Routing\\Pipeline->Illuminate\\Routing\\{closure}(Object(Illuminate\\Http\\Request))
#12 C:\\Users\\Rubayet Anjum Joy\\Desktop\\Laravel Project\\blog\\vendor\\laravel\\framework\\src\\Illuminate\\Pipeline\\Pipeline.php(163): Fideloper\\Proxy\\TrustProxies->handle(Object(Illuminate\\Http\\Request), Object(Closure))
#13 C:\\Users\\Rubayet Anjum Joy\\Desktop\\Laravel Project\\blog\\vendor\\laravel\\framework\\src\\Illuminate\\Routing\\Pipeline.php(53): Illuminate\\Pipeline\\Pipeline->Illuminate\\Pipeline\\{closure}(Object(Illuminate\\Http\\Request))
#14 C:\\Users\\Rubayet Anjum Joy\\Desktop\\Laravel Project\\blog\\vendor\\laravel\\framework\\src\\Illuminate\\Pipeline\\Pipeline.php(104): Illuminate\\Routing\\Pipeline->Illuminate\\Routing\\{closure}(Object(Illuminate\\Http\\Request))
#15 C:\\Users\\Rubayet Anjum Joy\\Desktop\\Laravel Project\\blog\\vendor\\laravel\\framework\\src\\Illuminate\\Foundation\\Http\\Kernel.php(151): Illuminate\\Pipeline\\Pipeline->then(Object(Closure))
#16 C:\\Users\\Rubayet Anjum Joy\\Desktop\\Laravel Project\\blog\\vendor\\laravel\\framework\\src\\Illuminate\\Foundation\\Http\\Kernel.php(116): Illuminate\\Foundation\\Http\\Kernel->sendRequestThroughRouter(Object(Illuminate\\Http\\Request))
#17 C:\\Users\\Rubayet Anjum Joy\\Desktop\\Laravel Project\\blog\\public\\index.php(55): Illuminate\\Foundation\\Http\\Kernel->handle(Object(Illuminate\\Http\\Request))
#18 C:\\Users\\Rubayet Anjum Joy\\Desktop\\Laravel Project\\blog\\server.php(21): require_once('C:\\\\Users\\\\Rubaye...')
#19 {main}
"} 
[2021-04-05 06:34:01] local.ERROR: include(C:\Users\Rubayet Anjum Joy\Desktop\Laravel Project\blog\vendor\composer/../../app/Http/Middleware/CheckForMaintenanceMode.php): failed to open stream: No such file or directory {"exception":"[object] (ErrorException(code: 0): include(C:\\Users\\Rubayet Anjum Joy\\Desktop\\Laravel Project\\blog\\vendor\\composer/../../app/Http/Middleware/CheckForMaintenanceMode.php): failed to open stream: No such file or directory at C:\\Users\\Rubayet Anjum Joy\\Desktop\\Laravel Project\\blog\\vendor\\composer\\ClassLoader.php:476)
[stacktrace]
#0 C:\\Users\\Rubayet Anjum Joy\\Desktop\\Laravel Project\\blog\\vendor\\composer\\ClassLoader.php(476): Illuminate\\Foundation\\Bootstrap\\HandleExceptions->handleError(2, 'include(C:\\\\User...', 'C:\\\\Users\\\\Rubaye...', 476, Array)
#1 C:\\Users\\Rubayet Anjum Joy\\Desktop\\Laravel Project\\blog\\vendor\\composer\\ClassLoader.php(476): include()
#2 C:\\Users\\Rubayet Anjum Joy\\Desktop\\Laravel Project\\blog\\vendor\\composer\\ClassLoader.php(344): Composer\\Autoload\\includeFile('C:\\\\Users\\\\Rubaye...')
#3 [internal function]: Composer\\Autoload\\ClassLoader->loadClass('App\\\\Http\\\\Middle...')
#4 [internal function]: spl_autoload_call('App\\\\Http\\\\Middle...')
#5 C:\\Users\\Rubayet Anjum Joy\\Desktop\\Laravel Project\\blog\\vendor\\laravel\\framework\\src\\Illuminate\\Container\\Container.php(788): ReflectionClass->__construct('App\\\\Http\\\\Middle...')
#6 C:\\Users\\Rubayet Anjum Joy\\Desktop\\Laravel Project\\blog\\vendor\\laravel\\framework\\src\\Illuminate\\Container\\Container.php(667): Illuminate\\Container\\Container->build('App\\\\Http\\\\Middle...')
#7 C:\\Users\\Rubayet Anjum Joy\\Desktop\\Laravel Project\\blog\\vendor\\laravel\\framework\\src\\Illuminate\\Container\\Container.php(615): Illuminate\\Container\\Container->resolve('App\\\\Http\\\\Middle...', Array)
#8 C:\\Users\\Rubayet Anjum Joy\\Desktop\\Laravel Project\\blog\\vendor\\laravel\\framework\\src\\Illuminate\\Foundation\\Application.php(767): Illuminate\\Container\\Container->make('App\\\\Http\\\\Middle...', Array)
#9 C:\\Users\\Rubayet Anjum Joy\\Desktop\\Laravel Project\\blog\\vendor\\laravel\\framework\\src\\Illuminate\\Foundation\\Http\\Kernel.php(215): Illuminate\\Foundation\\Application->make('App\\\\Http\\\\Middle...')
#10 C:\\Users\\Rubayet Anjum Joy\\Desktop\\Laravel Project\\blog\\vendor\\laravel\\framework\\src\\Illuminate\\Foundation\\Http\\Kernel.php(189): Illuminate\\Foundation\\Http\\Kernel->terminateMiddleware(Object(Illuminate\\Http\\Request), Object(Illuminate\\Http\\Response))
#11 C:\\Users\\Rubayet Anjum Joy\\Desktop\\Laravel Project\\blog\\public\\index.php(60): Illuminate\\Foundation\\Http\\Kernel->terminate(Object(Illuminate\\Http\\Request), Object(Illuminate\\Http\\Response))
#12 C:\\Users\\Rubayet Anjum Joy\\Desktop\\Laravel Project\\blog\\server.php(21): require_once('C:\\\\Users\\\\Rubaye...')
#13 {main}
"} 
[2021-04-05 06:36:11] local.ERROR: Namespace declaration statement has to be the very first statement or after any declare call in the script {"exception":"[object] (Symfony\\Component\\Debug\\Exception\\FatalErrorException(code: 64): Namespace declaration statement has to be the very first statement or after any declare call in the script at C:\\Users\\Rubayet Anjum Joy\\Desktop\\Laravel Project\\blog\\app\\Http\\Middleware\\CheckForMaintenanceMode.php:4)
[stacktrace]
#0 {main}
"} 
[2021-04-05 06:36:25] local.ERROR: Class App\Http\Middleware\CheckForMaintenanceMode does not exist {"exception":"[object] (ReflectionException(code: -1): Class App\\Http\\Middleware\\CheckForMaintenanceMode does not exist at C:\\Users\\Rubayet Anjum Joy\\Desktop\\Laravel Project\\blog\\vendor\\laravel\\framework\\src\\Illuminate\\Container\\Container.php:788)
[stacktrace]
#0 C:\\Users\\Rubayet Anjum Joy\\Desktop\\Laravel Project\\blog\\vendor\\laravel\\framework\\src\\Illuminate\\Container\\Container.php(788): ReflectionClass->__construct('App\\\\Http\\\\Middle...')
#1 C:\\Users\\Rubayet Anjum Joy\\Desktop\\Laravel Project\\blog\\vendor\\laravel\\framework\\src\\Illuminate\\Container\\Container.php(667): Illuminate\\Container\\Container->build('App\\\\Http\\\\Middle...')
#2 C:\\Users\\Rubayet Anjum Joy\\Desktop\\Laravel Project\\blog\\vendor\\laravel\\framework\\src\\Illuminate\\Container\\Container.php(615): Illuminate\\Container\\Container->resolve('App\\\\Http\\\\Middle...', Array)
#3 C:\\Users\\Rubayet Anjum Joy\\Desktop\\Laravel Project\\blog\\vendor\\laravel\\framework\\src\\Illuminate\\Foundation\\Application.php(767): Illuminate\\Container\\Container->make('App\\\\Http\\\\Middle...', Array)
#4 C:\\Users\\Rubayet Anjum Joy\\Desktop\\Laravel Project\\blog\\vendor\\laravel\\framework\\src\\Illuminate\\Pipeline\\Pipeline.php(152): Illuminate\\Foundation\\Application->make('App\\\\Http\\\\Middle...')
#5 C:\\Users\\Rubayet Anjum Joy\\Desktop\\Laravel Project\\blog\\vendor\\laravel\\framework\\src\\Illuminate\\Routing\\Pipeline.php(53): Illuminate\\Pipeline\\Pipeline->Illuminate\\Pipeline\\{closure}(Object(Illuminate\\Http\\Request))
#6 C:\\Users\\Rubayet Anjum Joy\\Desktop\\Laravel Project\\blog\\vendor\\fideloper\\proxy\\src\\TrustProxies.php(57): Illuminate\\Routing\\Pipeline->Illuminate\\Routing\\{closure}(Object(Illuminate\\Http\\Request))
#7 C:\\Users\\Rubayet Anjum Joy\\Desktop\\Laravel Project\\blog\\vendor\\laravel\\framework\\src\\Illuminate\\Pipeline\\Pipeline.php(163): Fideloper\\Proxy\\TrustProxies->handle(Object(Illuminate\\Http\\Request), Object(Closure))
#8 C:\\Users\\Rubayet Anjum Joy\\Desktop\\Laravel Project\\blog\\vendor\\laravel\\framework\\src\\Illuminate\\Routing\\Pipeline.php(53): Illuminate\\Pipeline\\Pipeline->Illuminate\\Pipeline\\{closure}(Object(Illuminate\\Http\\Request))
#9 C:\\Users\\Rubayet Anjum Joy\\Desktop\\Laravel Project\\blog\\vendor\\laravel\\framework\\src\\Illuminate\\Pipeline\\Pipeline.php(104): Illuminate\\Routing\\Pipeline->Illuminate\\Routing\\{closure}(Object(Illuminate\\Http\\Request))
#10 C:\\Users\\Rubayet Anjum Joy\\Desktop\\Laravel Project\\blog\\vendor\\laravel\\framework\\src\\Illuminate\\Foundation\\Http\\Kernel.php(151): Illuminate\\Pipeline\\Pipeline->then(Object(Closure))
#11 C:\\Users\\Rubayet Anjum Joy\\Desktop\\Laravel Project\\blog\\vendor\\laravel\\framework\\src\\Illuminate\\Foundation\\Http\\Kernel.php(116): Illuminate\\Foundation\\Http\\Kernel->sendRequestThroughRouter(Object(Illuminate\\Http\\Request))
#12 C:\\Users\\Rubayet Anjum Joy\\Desktop\\Laravel Project\\blog\\public\\index.php(55): Illuminate\\Foundation\\Http\\Kernel->handle(Object(Illuminate\\Http\\Request))
#13 C:\\Users\\Rubayet Anjum Joy\\Desktop\\Laravel Project\\blog\\server.php(21): require_once('C:\\\\Users\\\\Rubaye...')
#14 {main}
"} 
[2021-04-05 06:36:25] local.ERROR: Cannot declare class CheckForMaintenanceMode, because the name is already in use {"exception":"[object] (Symfony\\Component\\Debug\\Exception\\FatalErrorException(code: 64): Cannot declare class CheckForMaintenanceMode, because the name is already in use at C:\\Users\\Rubayet Anjum Joy\\Desktop\\Laravel Project\\blog\\app\\Http\\Middleware\\CheckForMaintenanceMode.php:18)
[stacktrace]
#0 {main}
"} 
[2021-04-05 06:37:11] local.ERROR: Namespace declaration statement has to be the very first statement or after any declare call in the script {"exception":"[object] (Symfony\\Component\\Debug\\Exception\\FatalErrorException(code: 64): Namespace declaration statement has to be the very first statement or after any declare call in the script at C:\\Users\\Rubayet Anjum Joy\\Desktop\\Laravel Project\\blog\\app\\Http\\Middleware\\CheckForMaintenanceMode.php:4)
[stacktrace]
#0 {main}
"} 
[2021-04-05 06:41:14] local.ERROR: Class App\Http\Middleware\CheckForMaintenanceMode does not exist {"exception":"[object] (ReflectionException(code: -1): Class App\\Http\\Middleware\\CheckForMaintenanceMode does not exist at C:\\Users\\Rubayet Anjum Joy\\Desktop\\Laravel Project\\blog\\vendor\\laravel\\framework\\src\\Illuminate\\Container\\Container.php:788)
[stacktrace]
#0 C:\\Users\\Rubayet Anjum Joy\\Desktop\\Laravel Project\\blog\\vendor\\laravel\\framework\\src\\Illuminate\\Container\\Container.php(788): ReflectionClass->__construct('App\\\\Http\\\\Middle...')
#1 C:\\Users\\Rubayet Anjum Joy\\Desktop\\Laravel Project\\blog\\vendor\\laravel\\framework\\src\\Illuminate\\Container\\Container.php(667): Illuminate\\Container\\Container->build('App\\\\Http\\\\Middle...')
#2 C:\\Users\\Rubayet Anjum Joy\\Desktop\\Laravel Project\\blog\\vendor\\laravel\\framework\\src\\Illuminate\\Container\\Container.php(615): Illuminate\\Container\\Container->resolve('App\\\\Http\\\\Middle...', Array)
#3 C:\\Users\\Rubayet Anjum Joy\\Desktop\\Laravel Project\\blog\\vendor\\laravel\\framework\\src\\Illuminate\\Foundation\\Application.php(767): Illuminate\\Container\\Container->make('App\\\\Http\\\\Middle...', Array)
#4 C:\\Users\\Rubayet Anjum Joy\\Desktop\\Laravel Project\\blog\\vendor\\laravel\\framework\\src\\Illuminate\\Pipeline\\Pipeline.php(152): Illuminate\\Foundation\\Application->make('App\\\\Http\\\\Middle...')
#5 C:\\Users\\Rubayet Anjum Joy\\Desktop\\Laravel Project\\blog\\vendor\\laravel\\framework\\src\\Illuminate\\Routing\\Pipeline.php(53): Illuminate\\Pipeline\\Pipeline->Illuminate\\Pipeline\\{closure}(Object(Illuminate\\Http\\Request))
#6 C:\\Users\\Rubayet Anjum Joy\\Desktop\\Laravel Project\\blog\\vendor\\fideloper\\proxy\\src\\TrustProxies.php(57): Illuminate\\Routing\\Pipeline->Illuminate\\Routing\\{closure}(Object(Illuminate\\Http\\Request))
#7 C:\\Users\\Rubayet Anjum Joy\\Desktop\\Laravel Project\\blog\\vendor\\laravel\\framework\\src\\Illuminate\\Pipeline\\Pipeline.php(163): Fideloper\\Proxy\\TrustProxies->handle(Object(Illuminate\\Http\\Request), Object(Closure))
#8 C:\\Users\\Rubayet Anjum Joy\\Desktop\\Laravel Project\\blog\\vendor\\laravel\\framework\\src\\Illuminate\\Routing\\Pipeline.php(53): Illuminate\\Pipeline\\Pipeline->Illuminate\\Pipeline\\{closure}(Object(Illuminate\\Http\\Request))
#9 C:\\Users\\Rubayet Anjum Joy\\Desktop\\Laravel Project\\blog\\vendor\\laravel\\framework\\src\\Illuminate\\Pipeline\\Pipeline.php(104): Illuminate\\Routing\\Pipeline->Illuminate\\Routing\\{closure}(Object(Illuminate\\Http\\Request))
#10 C:\\Users\\Rubayet Anjum Joy\\Desktop\\Laravel Project\\blog\\vendor\\laravel\\framework\\src\\Illuminate\\Foundation\\Http\\Kernel.php(151): Illuminate\\Pipeline\\Pipeline->then(Object(Closure))
#11 C:\\Users\\Rubayet Anjum Joy\\Desktop\\Laravel Project\\blog\\vendor\\laravel\\framework\\src\\Illuminate\\Foundation\\Http\\Kernel.php(116): Illuminate\\Foundation\\Http\\Kernel->sendRequestThroughRouter(Object(Illuminate\\Http\\Request))
#12 C:\\Users\\Rubayet Anjum Joy\\Desktop\\Laravel Project\\blog\\public\\index.php(55): Illuminate\\Foundation\\Http\\Kernel->handle(Object(Illuminate\\Http\\Request))
#13 C:\\Users\\Rubayet Anjum Joy\\Desktop\\Laravel Project\\blog\\server.php(21): require_once('C:\\\\Users\\\\Rubaye...')
#14 {main}
"} 
[2021-04-05 06:41:14] local.ERROR: Cannot declare class CheckForMaintenanceMode, because the name is already in use {"exception":"[object] (Symfony\\Component\\Debug\\Exception\\FatalErrorException(code: 64): Cannot declare class CheckForMaintenanceMode, because the name is already in use at C:\\Users\\Rubayet Anjum Joy\\Desktop\\Laravel Project\\blog\\app\\Http\\Middleware\\CheckForMaintenanceMode.php:18)
[stacktrace]
#0 {main}
"} 
[2021-04-05 06:41:17] local.ERROR: Class App\Http\Middleware\CheckForMaintenanceMode does not exist {"exception":"[object] (ReflectionException(code: -1): Class App\\Http\\Middleware\\CheckForMaintenanceMode does not exist at C:\\Users\\Rubayet Anjum Joy\\Desktop\\Laravel Project\\blog\\vendor\\laravel\\framework\\src\\Illuminate\\Container\\Container.php:788)
[stacktrace]
#0 C:\\Users\\Rubayet Anjum Joy\\Desktop\\Laravel Project\\blog\\vendor\\laravel\\framework\\src\\Illuminate\\Container\\Container.php(788): ReflectionClass->__construct('App\\\\Http\\\\Middle...')
#1 C:\\Users\\Rubayet Anjum Joy\\Desktop\\Laravel Project\\blog\\vendor\\laravel\\framework\\src\\Illuminate\\Container\\Container.php(667): Illuminate\\Container\\Container->build('App\\\\Http\\\\Middle...')
#2 C:\\Users\\Rubayet Anjum Joy\\Desktop\\Laravel Project\\blog\\vendor\\laravel\\framework\\src\\Illuminate\\Container\\Container.php(615): Illuminate\\Container\\Container->resolve('App\\\\Http\\\\Middle...', Array)
#3 C:\\Users\\Rubayet Anjum Joy\\Desktop\\Laravel Project\\blog\\vendor\\laravel\\framework\\src\\Illuminate\\Foundation\\Application.php(767): Illuminate\\Container\\Container->make('App\\\\Http\\\\Middle...', Array)
#4 C:\\Users\\Rubayet Anjum Joy\\Desktop\\Laravel Project\\blog\\vendor\\laravel\\framework\\src\\Illuminate\\Pipeline\\Pipeline.php(152): Illuminate\\Foundation\\Application->make('App\\\\Http\\\\Middle...')
#5 C:\\Users\\Rubayet Anjum Joy\\Desktop\\Laravel Project\\blog\\vendor\\laravel\\framework\\src\\Illuminate\\Routing\\Pipeline.php(53): Illuminate\\Pipeline\\Pipeline->Illuminate\\Pipeline\\{closure}(Object(Illuminate\\Http\\Request))
#6 C:\\Users\\Rubayet Anjum Joy\\Desktop\\Laravel Project\\blog\\vendor\\fideloper\\proxy\\src\\TrustProxies.php(57): Illuminate\\Routing\\Pipeline->Illuminate\\Routing\\{closure}(Object(Illuminate\\Http\\Request))
#7 C:\\Users\\Rubayet Anjum Joy\\Desktop\\Laravel Project\\blog\\vendor\\laravel\\framework\\src\\Illuminate\\Pipeline\\Pipeline.php(163): Fideloper\\Proxy\\TrustProxies->handle(Object(Illuminate\\Http\\Request), Object(Closure))
#8 C:\\Users\\Rubayet Anjum Joy\\Desktop\\Laravel Project\\blog\\vendor\\laravel\\framework\\src\\Illuminate\\Routing\\Pipeline.php(53): Illuminate\\Pipeline\\Pipeline->Illuminate\\Pipeline\\{closure}(Object(Illuminate\\Http\\Request))
#9 C:\\Users\\Rubayet Anjum Joy\\Desktop\\Laravel Project\\blog\\vendor\\laravel\\framework\\src\\Illuminate\\Pipeline\\Pipeline.php(104): Illuminate\\Routing\\Pipeline->Illuminate\\Routing\\{closure}(Object(Illuminate\\Http\\Request))
#10 C:\\Users\\Rubayet Anjum Joy\\Desktop\\Laravel Project\\blog\\vendor\\laravel\\framework\\src\\Illuminate\\Foundation\\Http\\Kernel.php(151): Illuminate\\Pipeline\\Pipeline->then(Object(Closure))
#11 C:\\Users\\Rubayet Anjum Joy\\Desktop\\Laravel Project\\blog\\vendor\\laravel\\framework\\src\\Illuminate\\Foundation\\Http\\Kernel.php(116): Illuminate\\Foundation\\Http\\Kernel->sendRequestThroughRouter(Object(Illuminate\\Http\\Request))
#12 C:\\Users\\Rubayet Anjum Joy\\Desktop\\Laravel Project\\blog\\public\\index.php(55): Illuminate\\Foundation\\Http\\Kernel->handle(Object(Illuminate\\Http\\Request))
#13 C:\\Users\\Rubayet Anjum Joy\\Desktop\\Laravel Project\\blog\\server.php(21): require_once('C:\\\\Users\\\\Rubaye...')
#14 {main}
"} 
[2021-04-05 06:41:17] local.ERROR: Cannot declare class CheckForMaintenanceMode, because the name is already in use {"exception":"[object] (Symfony\\Component\\Debug\\Exception\\FatalErrorException(code: 64): Cannot declare class CheckForMaintenanceMode, because the name is already in use at C:\\Users\\Rubayet Anjum Joy\\Desktop\\Laravel Project\\blog\\app\\Http\\Middleware\\CheckForMaintenanceMode.php:18)
[stacktrace]
#0 {main}
"} 
[2021-04-05 06:49:47] local.ERROR: Namespace declaration statement has to be the very first statement or after any declare call in the script {"exception":"[object] (Symfony\\Component\\Debug\\Exception\\FatalErrorException(code: 64): Namespace declaration statement has to be the very first statement or after any declare call in the script at C:\\Users\\Rubayet Anjum Joy\\Desktop\\Laravel Project\\blog\\app\\Http\\Middleware\\CheckForMaintenanceMode.php:4)
[stacktrace]
#0 {main}
"} 
[2021-04-05 06:51:05] local.ERROR: Namespace declaration statement has to be the very first statement or after any declare call in the script {"exception":"[object] (Symfony\\Component\\Debug\\Exception\\FatalErrorException(code: 64): Namespace declaration statement has to be the very first statement or after any declare call in the script at C:\\Users\\Rubayet Anjum Joy\\Desktop\\Laravel Project\\blog\\app\\Http\\Middleware\\CheckForMaintenanceMode.php:2)
[stacktrace]
#0 {main}
"} 
[2021-04-05 07:54:54] local.ERROR: Namespace declaration statement has to be the very first statement or after any declare call in the script {"exception":"[object] (Symfony\\Component\\Debug\\Exception\\FatalErrorException(code: 64): Namespace declaration statement has to be the very first statement or after any declare call in the script at C:\\Users\\Rubayet Anjum Joy\\Desktop\\Laravel Project\\blog\\app\\Http\\Middleware\\CheckForMaintenanceMode.php:2)
[stacktrace]
#0 {main}
"} 
[2021-04-05 09:00:12] local.ERROR: Class 'Illuminate\Foundation\Http\Middleware\PreventRequestsDuringMaintenance' not found {"exception":"[object] (Symfony\\Component\\Debug\\Exception\\FatalErrorException(code: 1): Class 'Illuminate\\Foundation\\Http\\Middleware\\PreventRequestsDuringMaintenance' not found at C:\\Users\\Rubayet Anjum Joy\\Desktop\\Laravel Project\\blog\\app\\Http\\Middleware\\CheckForMaintenanceMode.php:7)
[stacktrace]
#0 {main}
"} 
[2021-04-05 09:00:46] local.ERROR: Class 'Illuminate\Foundation\Http\Middleware\PreventRequestsDuringMaintenance' not found {"exception":"[object] (Symfony\\Component\\Debug\\Exception\\FatalErrorException(code: 1): Class 'Illuminate\\Foundation\\Http\\Middleware\\PreventRequestsDuringMaintenance' not found at C:\\Users\\Rubayet Anjum Joy\\Desktop\\Laravel Project\\blog\\app\\Http\\Middleware\\CheckForMaintenanceMode.php:7)
[stacktrace]
#0 {main}
"} 
[2021-04-05 09:00:48] local.ERROR: Class 'Illuminate\Foundation\Http\Middleware\PreventRequestsDuringMaintenance' not found {"exception":"[object] (Symfony\\Component\\Debug\\Exception\\FatalErrorException(code: 1): Class 'Illuminate\\Foundation\\Http\\Middleware\\PreventRequestsDuringMaintenance' not found at C:\\Users\\Rubayet Anjum Joy\\Desktop\\Laravel Project\\blog\\app\\Http\\Middleware\\CheckForMaintenanceMode.php:7)
[stacktrace]
#0 {main}
"} 
[2021-04-05 09:02:57] local.ERROR: Namespace declaration statement has to be the very first statement or after any declare call in the script {"exception":"[object] (Symfony\\Component\\Debug\\Exception\\FatalErrorException(code: 64): Namespace declaration statement has to be the very first statement or after any declare call in the script at C:\\Users\\Rubayet Anjum Joy\\Desktop\\Laravel Project\\blog\\app\\Http\\Middleware\\CheckForMaintenanceMode.php:2)
[stacktrace]
#0 {main}
"} 
[2021-04-05 09:09:18] local.ERROR: SQLSTATE[HY000] [2002] No connection could be made because the target machine actively refused it.
 (SQL: select * from `users` where `email` is null limit 1) {"exception":"[object] (Illuminate\\Database\\QueryException(code: 2002): SQLSTATE[HY000] [2002] No connection could be made because the target machine actively refused it.
 (SQL: select * from `users` where `email` is null limit 1) at C:\\Users\\Rubayet Anjum Joy\\Desktop\\Laravel Project\\blog\\vendor\\laravel\\framework\\src\\Illuminate\\Database\\Connection.php:664, PDOException(code: 2002): SQLSTATE[HY000] [2002] No connection could be made because the target machine actively refused it.
 at C:\\Users\\Rubayet Anjum Joy\\Desktop\\Laravel Project\\blog\\vendor\\laravel\\framework\\src\\Illuminate\\Database\\Connectors\\Connector.php:70)
[stacktrace]
#0 C:\\Users\\Rubayet Anjum Joy\\Desktop\\Laravel Project\\blog\\vendor\\laravel\\framework\\src\\Illuminate\\Database\\Connection.php(624): Illuminate\\Database\\Connection->runQueryCallback('select * from `...', Array, Object(Closure))
#1 C:\\Users\\Rubayet Anjum Joy\\Desktop\\Laravel Project\\blog\\vendor\\laravel\\framework\\src\\Illuminate\\Database\\Connection.php(333): Illuminate\\Database\\Connection->run('select * from `...', Array, Object(Closure))
#2 C:\\Users\\Rubayet Anjum Joy\\Desktop\\Laravel Project\\blog\\vendor\\laravel\\framework\\src\\Illuminate\\Database\\Query\\Builder.php(2130): Illuminate\\Database\\Connection->select('select * from `...', Array, true)
#3 C:\\Users\\Rubayet Anjum Joy\\Desktop\\Laravel Project\\blog\\vendor\\laravel\\framework\\src\\Illuminate\\Database\\Query\\Builder.php(2118): Illuminate\\Database\\Query\\Builder->runSelect()
#4 C:\\Users\\Rubayet Anjum Joy\\Desktop\\Laravel Project\\blog\\vendor\\laravel\\framework\\src\\Illuminate\\Database\\Query\\Builder.php(2604): Illuminate\\Database\\Query\\Builder->Illuminate\\Database\\Query\\{closure}()
#5 C:\\Users\\Rubayet Anjum Joy\\Desktop\\Laravel Project\\blog\\vendor\\laravel\\framework\\src\\Illuminate\\Database\\Query\\Builder.php(2119): Illuminate\\Database\\Query\\Builder->onceWithColumns(Array, Object(Closure))
#6 C:\\Users\\Rubayet Anjum Joy\\Desktop\\Laravel Project\\blog\\vendor\\laravel\\framework\\src\\Illuminate\\Database\\Concerns\\BuildsQueries.php(77): Illuminate\\Database\\Query\\Builder->get(Array)
#7 C:\\Users\\Rubayet Anjum Joy\\Desktop\\Laravel Project\\blog\\app\\Http\\Controllers\\UserController.php(16): Illuminate\\Database\\Query\\Builder->first()
#8 [internal function]: App\\Http\\Controllers\\UserController->login(Object(Illuminate\\Http\\Request))
#9 C:\\Users\\Rubayet Anjum Joy\\Desktop\\Laravel Project\\blog\\vendor\\laravel\\framework\\src\\Illuminate\\Routing\\Controller.php(54): call_user_func_array(Array, Array)
#10 C:\\Users\\Rubayet Anjum Joy\\Desktop\\Laravel Project\\blog\\vendor\\laravel\\framework\\src\\Illuminate\\Routing\\ControllerDispatcher.php(45): Illuminate\\Routing\\Controller->callAction('login', Array)
#11 C:\\Users\\Rubayet Anjum Joy\\Desktop\\Laravel Project\\blog\\vendor\\laravel\\framework\\src\\Illuminate\\Routing\\Route.php(219): Illuminate\\Routing\\ControllerDispatcher->dispatch(Object(Illuminate\\Routing\\Route), Object(App\\Http\\Controllers\\UserController), 'login')
#12 C:\\Users\\Rubayet Anjum Joy\\Desktop\\Laravel Project\\blog\\vendor\\laravel\\framework\\src\\Illuminate\\Routing\\Route.php(176): Illuminate\\Routing\\Route->runController()
#13 C:\\Users\\Rubayet Anjum Joy\\Desktop\\Laravel Project\\blog\\vendor\\laravel\\framework\\src\\Illuminate\\Routing\\Router.php(680): Illuminate\\Routing\\Route->run()
#14 C:\\Users\\Rubayet Anjum Joy\\Desktop\\Laravel Project\\blog\\vendor\\laravel\\framework\\src\\Illuminate\\Routing\\Pipeline.php(30): Illuminate\\Routing\\Router->Illuminate\\Routing\\{closure}(Object(Illuminate\\Http\\Request))
#15 C:\\Users\\Rubayet Anjum Joy\\Desktop\\Laravel Project\\blog\\vendor\\laravel\\framework\\src\\Illuminate\\Routing\\Middleware\\SubstituteBindings.php(41): Illuminate\\Routing\\Pipeline->Illuminate\\Routing\\{closure}(Object(Illuminate\\Http\\Request))
#16 C:\\Users\\Rubayet Anjum Joy\\Desktop\\Laravel Project\\blog\\vendor\\laravel\\framework\\src\\Illuminate\\Pipeline\\Pipeline.php(163): Illuminate\\Routing\\Middleware\\SubstituteBindings->handle(Object(Illuminate\\Http\\Request), Object(Closure))
#17 C:\\Users\\Rubayet Anjum Joy\\Desktop\\Laravel Project\\blog\\vendor\\laravel\\framework\\src\\Illuminate\\Routing\\Pipeline.php(53): Illuminate\\Pipeline\\Pipeline->Illuminate\\Pipeline\\{closure}(Object(Illuminate\\Http\\Request))
#18 C:\\Users\\Rubayet Anjum Joy\\Desktop\\Laravel Project\\blog\\vendor\\laravel\\framework\\src\\Illuminate\\Foundation\\Http\\Middleware\\VerifyCsrfToken.php(75): Illuminate\\Routing\\Pipeline->Illuminate\\Routing\\{closure}(Object(Illuminate\\Http\\Request))
#19 C:\\Users\\Rubayet Anjum Joy\\Desktop\\Laravel Project\\blog\\vendor\\laravel\\framework\\src\\Illuminate\\Pipeline\\Pipeline.php(163): Illuminate\\Foundation\\Http\\Middleware\\VerifyCsrfToken->handle(Object(Illuminate\\Http\\Request), Object(Closure))
#20 C:\\Users\\Rubayet Anjum Joy\\Desktop\\Laravel Project\\blog\\vendor\\laravel\\framework\\src\\Illuminate\\Routing\\Pipeline.php(53): Illuminate\\Pipeline\\Pipeline->Illuminate\\Pipeline\\{closure}(Object(Illuminate\\Http\\Request))
#21 C:\\Users\\Rubayet Anjum Joy\\Desktop\\Laravel Project\\blog\\vendor\\laravel\\framework\\src\\Illuminate\\View\\Middleware\\ShareErrorsFromSession.php(49): Illuminate\\Routing\\Pipeline->Illuminate\\Routing\\{closure}(Object(Illuminate\\Http\\Request))
#22 C:\\Users\\Rubayet Anjum Joy\\Desktop\\Laravel Project\\blog\\vendor\\laravel\\framework\\src\\Illuminate\\Pipeline\\Pipeline.php(163): Illuminate\\View\\Middleware\\ShareErrorsFromSession->handle(Object(Illuminate\\Http\\Request), Object(Closure))
#23 C:\\Users\\Rubayet Anjum Joy\\Desktop\\Laravel Project\\blog\\vendor\\laravel\\framework\\src\\Illuminate\\Routing\\Pipeline.php(53): Illuminate\\Pipeline\\Pipeline->Illuminate\\Pipeline\\{closure}(Object(Illuminate\\Http\\Request))
#24 C:\\Users\\Rubayet Anjum Joy\\Desktop\\Laravel Project\\blog\\vendor\\laravel\\framework\\src\\Illuminate\\Session\\Middleware\\StartSession.php(56): Illuminate\\Routing\\Pipeline->Illuminate\\Routing\\{closure}(Object(Illuminate\\Http\\Request))
#25 C:\\Users\\Rubayet Anjum Joy\\Desktop\\Laravel Project\\blog\\vendor\\laravel\\framework\\src\\Illuminate\\Pipeline\\Pipeline.php(163): Illuminate\\Session\\Middleware\\StartSession->handle(Object(Illuminate\\Http\\Request), Object(Closure))
#26 C:\\Users\\Rubayet Anjum Joy\\Desktop\\Laravel Project\\blog\\vendor\\laravel\\framework\\src\\Illuminate\\Routing\\Pipeline.php(53): Illuminate\\Pipeline\\Pipeline->Illuminate\\Pipeline\\{closure}(Object(Illuminate\\Http\\Request))
#27 C:\\Users\\Rubayet Anjum Joy\\Desktop\\Laravel Project\\blog\\vendor\\laravel\\framework\\src\\Illuminate\\Cookie\\Middleware\\AddQueuedCookiesToResponse.php(37): Illuminate\\Routing\\Pipeline->Illuminate\\Routing\\{closure}(Object(Illuminate\\Http\\Request))
#28 C:\\Users\\Rubayet Anjum Joy\\Desktop\\Laravel Project\\blog\\vendor\\laravel\\framework\\src\\Illuminate\\Pipeline\\Pipeline.php(163): Illuminate\\Cookie\\Middleware\\AddQueuedCookiesToResponse->handle(Object(Illuminate\\Http\\Request), Object(Closure))
#29 C:\\Users\\Rubayet Anjum Joy\\Desktop\\Laravel Project\\blog\\vendor\\laravel\\framework\\src\\Illuminate\\Routing\\Pipeline.php(53): Illuminate\\Pipeline\\Pipeline->Illuminate\\Pipeline\\{closure}(Object(Illuminate\\Http\\Request))
#30 C:\\Users\\Rubayet Anjum Joy\\Desktop\\Laravel Project\\blog\\vendor\\laravel\\framework\\src\\Illuminate\\Cookie\\Middleware\\EncryptCookies.php(66): Illuminate\\Routing\\Pipeline->Illuminate\\Routing\\{closure}(Object(Illuminate\\Http\\Request))
#31 C:\\Users\\Rubayet Anjum Joy\\Desktop\\Laravel Project\\blog\\vendor\\laravel\\framework\\src\\Illuminate\\Pipeline\\Pipeline.php(163): Illuminate\\Cookie\\Middleware\\EncryptCookies->handle(Object(Illuminate\\Http\\Request), Object(Closure))
#32 C:\\Users\\Rubayet Anjum Joy\\Desktop\\Laravel Project\\blog\\vendor\\laravel\\framework\\src\\Illuminate\\Routing\\Pipeline.php(53): Illuminate\\Pipeline\\Pipeline->Illuminate\\Pipeline\\{closure}(Object(Illuminate\\Http\\Request))
#33 C:\\Users\\Rubayet Anjum Joy\\Desktop\\Laravel Project\\blog\\vendor\\laravel\\framework\\src\\Illuminate\\Pipeline\\Pipeline.php(104): Illuminate\\Routing\\Pipeline->Illuminate\\Routing\\{closure}(Object(Illuminate\\Http\\Request))
#34 C:\\Users\\Rubayet Anjum Joy\\Desktop\\Laravel Project\\blog\\vendor\\laravel\\framework\\src\\Illuminate\\Routing\\Router.php(682): Illuminate\\Pipeline\\Pipeline->then(Object(Closure))
#35 C:\\Users\\Rubayet Anjum Joy\\Desktop\\Laravel Project\\blog\\vendor\\laravel\\framework\\src\\Illuminate\\Routing\\Router.php(657): Illuminate\\Routing\\Router->runRouteWithinStack(Object(Illuminate\\Routing\\Route), Object(Illuminate\\Http\\Request))
#36 C:\\Users\\Rubayet Anjum Joy\\Desktop\\Laravel Project\\blog\\vendor\\laravel\\framework\\src\\Illuminate\\Routing\\Router.php(623): Illuminate\\Routing\\Router->runRoute(Object(Illuminate\\Http\\Request), Object(Illuminate\\Routing\\Route))
#37 C:\\Users\\Rubayet Anjum Joy\\Desktop\\Laravel Project\\blog\\vendor\\laravel\\framework\\src\\Illuminate\\Routing\\Router.php(612): Illuminate\\Routing\\Router->dispatchToRoute(Object(Illuminate\\Http\\Request))
#38 C:\\Users\\Rubayet Anjum Joy\\Desktop\\Laravel Project\\blog\\vendor\\laravel\\framework\\src\\Illuminate\\Foundation\\Http\\Kernel.php(176): Illuminate\\Routing\\Router->dispatch(Object(Illuminate\\Http\\Request))
#39 C:\\Users\\Rubayet Anjum Joy\\Desktop\\Laravel Project\\blog\\vendor\\laravel\\framework\\src\\Illuminate\\Routing\\Pipeline.php(30): Illuminate\\Foundation\\Http\\Kernel->Illuminate\\Foundation\\Http\\{closure}(Object(Illuminate\\Http\\Request))
#40 C:\\Users\\Rubayet Anjum Joy\\Desktop\\Laravel Project\\blog\\app\\Http\\Middleware\\UserAuth.php(24): Illuminate\\Routing\\Pipeline->Illuminate\\Routing\\{closure}(Object(Illuminate\\Http\\Request))
#41 C:\\Users\\Rubayet Anjum Joy\\Desktop\\Laravel Project\\blog\\vendor\\laravel\\framework\\src\\Illuminate\\Pipeline\\Pipeline.php(163): App\\Http\\Middleware\\UserAuth->handle(Object(Illuminate\\Http\\Request), Object(Closure))
#42 C:\\Users\\Rubayet Anjum Joy\\Desktop\\Laravel Project\\blog\\vendor\\laravel\\framework\\src\\Illuminate\\Routing\\Pipeline.php(53): Illuminate\\Pipeline\\Pipeline->Illuminate\\Pipeline\\{closure}(Object(Illuminate\\Http\\Request))
#43 C:\\Users\\Rubayet Anjum Joy\\Desktop\\Laravel Project\\blog\\vendor\\laravel\\framework\\src\\Illuminate\\Foundation\\Http\\Middleware\\TransformsRequest.php(21): Illuminate\\Routing\\Pipeline->Illuminate\\Routing\\{closure}(Object(Illuminate\\Http\\Request))
#44 C:\\Users\\Rubayet Anjum Joy\\Desktop\\Laravel Project\\blog\\vendor\\laravel\\framework\\src\\Illuminate\\Pipeline\\Pipeline.php(163): Illuminate\\Foundation\\Http\\Middleware\\TransformsRequest->handle(Object(Illuminate\\Http\\Request), Object(Closure))
#45 C:\\Users\\Rubayet Anjum Joy\\Desktop\\Laravel Project\\blog\\vendor\\laravel\\framework\\src\\Illuminate\\Routing\\Pipeline.php(53): Illuminate\\Pipeline\\Pipeline->Illuminate\\Pipeline\\{closure}(Object(Illuminate\\Http\\Request))
#46 C:\\Users\\Rubayet Anjum Joy\\Desktop\\Laravel Project\\blog\\vendor\\laravel\\framework\\src\\Illuminate\\Foundation\\Http\\Middleware\\TransformsRequest.php(21): Illuminate\\Routing\\Pipeline->Illuminate\\Routing\\{closure}(Object(Illuminate\\Http\\Request))
#47 C:\\Users\\Rubayet Anjum Joy\\Desktop\\Laravel Project\\blog\\vendor\\laravel\\framework\\src\\Illuminate\\Pipeline\\Pipeline.php(163): Illuminate\\Foundation\\Http\\Middleware\\TransformsRequest->handle(Object(Illuminate\\Http\\Request), Object(Closure))
#48 C:\\Users\\Rubayet Anjum Joy\\Desktop\\Laravel Project\\blog\\vendor\\laravel\\framework\\src\\Illuminate\\Routing\\Pipeline.php(53): Illuminate\\Pipeline\\Pipeline->Illuminate\\Pipeline\\{closure}(Object(Illuminate\\Http\\Request))
#49 C:\\Users\\Rubayet Anjum Joy\\Desktop\\Laravel Project\\blog\\vendor\\laravel\\framework\\src\\Illuminate\\Session\\Middleware\\StartSession.php(56): Illuminate\\Routing\\Pipeline->Illuminate\\Routing\\{closure}(Object(Illuminate\\Http\\Request))
#50 C:\\Users\\Rubayet Anjum Joy\\Desktop\\Laravel Project\\blog\\vendor\\laravel\\framework\\src\\Illuminate\\Pipeline\\Pipeline.php(163): Illuminate\\Session\\Middleware\\StartSession->handle(Object(Illuminate\\Http\\Request), Object(Closure))
#51 C:\\Users\\Rubayet Anjum Joy\\Desktop\\Laravel Project\\blog\\vendor\\laravel\\framework\\src\\Illuminate\\Routing\\Pipeline.php(53): Illuminate\\Pipeline\\Pipeline->Illuminate\\Pipeline\\{closure}(Object(Illuminate\\Http\\Request))
#52 C:\\Users\\Rubayet Anjum Joy\\Desktop\\Laravel Project\\blog\\vendor\\laravel\\framework\\src\\Illuminate\\Foundation\\Http\\Middleware\\ValidatePostSize.php(27): Illuminate\\Routing\\Pipeline->Illuminate\\Routing\\{closure}(Object(Illuminate\\Http\\Request))
#53 C:\\Users\\Rubayet Anjum Joy\\Desktop\\Laravel Project\\blog\\vendor\\laravel\\framework\\src\\Illuminate\\Pipeline\\Pipeline.php(163): Illuminate\\Foundation\\Http\\Middleware\\ValidatePostSize->handle(Object(Illuminate\\Http\\Request), Object(Closure))
#54 C:\\Users\\Rubayet Anjum Joy\\Desktop\\Laravel Project\\blog\\vendor\\laravel\\framework\\src\\Illuminate\\Routing\\Pipeline.php(53): Illuminate\\Pipeline\\Pipeline->Illuminate\\Pipeline\\{closure}(Object(Illuminate\\Http\\Request))
#55 C:\\Users\\Rubayet Anjum Joy\\Desktop\\Laravel Project\\blog\\vendor\\laravel\\framework\\src\\Illuminate\\Foundation\\Http\\Middleware\\CheckForMaintenanceMode.php(62): Illuminate\\Routing\\Pipeline->Illuminate\\Routing\\{closure}(Object(Illuminate\\Http\\Request))
#56 C:\\Users\\Rubayet Anjum Joy\\Desktop\\Laravel Project\\blog\\vendor\\laravel\\framework\\src\\Illuminate\\Pipeline\\Pipeline.php(163): Illuminate\\Foundation\\Http\\Middleware\\CheckForMaintenanceMode->handle(Object(Illuminate\\Http\\Request), Object(Closure))
#57 C:\\Users\\Rubayet Anjum Joy\\Desktop\\Laravel Project\\blog\\vendor\\laravel\\framework\\src\\Illuminate\\Routing\\Pipeline.php(53): Illuminate\\Pipeline\\Pipeline->Illuminate\\Pipeline\\{closure}(Object(Illuminate\\Http\\Request))
#58 C:\\Users\\Rubayet Anjum Joy\\Desktop\\Laravel Project\\blog\\vendor\\fideloper\\proxy\\src\\TrustProxies.php(57): Illuminate\\Routing\\Pipeline->Illuminate\\Routing\\{closure}(Object(Illuminate\\Http\\Request))
#59 C:\\Users\\Rubayet Anjum Joy\\Desktop\\Laravel Project\\blog\\vendor\\laravel\\framework\\src\\Illuminate\\Pipeline\\Pipeline.php(163): Fideloper\\Proxy\\TrustProxies->handle(Object(Illuminate\\Http\\Request), Object(Closure))
#60 C:\\Users\\Rubayet Anjum Joy\\Desktop\\Laravel Project\\blog\\vendor\\laravel\\framework\\src\\Illuminate\\Routing\\Pipeline.php(53): Illuminate\\Pipeline\\Pipeline->Illuminate\\Pipeline\\{closure}(Object(Illuminate\\Http\\Request))
#61 C:\\Users\\Rubayet Anjum Joy\\Desktop\\Laravel Project\\blog\\vendor\\laravel\\framework\\src\\Illuminate\\Pipeline\\Pipeline.php(104): Illuminate\\Routing\\Pipeline->Illuminate\\Routing\\{closure}(Object(Illuminate\\Http\\Request))
#62 C:\\Users\\Rubayet Anjum Joy\\Desktop\\Laravel Project\\blog\\vendor\\laravel\\framework\\src\\Illuminate\\Foundation\\Http\\Kernel.php(151): Illuminate\\Pipeline\\Pipeline->then(Object(Closure))
#63 C:\\Users\\Rubayet Anjum Joy\\Desktop\\Laravel Project\\blog\\vendor\\laravel\\framework\\src\\Illuminate\\Foundation\\Http\\Kernel.php(116): Illuminate\\Foundation\\Http\\Kernel->sendRequestThroughRouter(Object(Illuminate\\Http\\Request))
#64 C:\\Users\\Rubayet Anjum Joy\\Desktop\\Laravel Project\\blog\\public\\index.php(55): Illuminate\\Foundation\\Http\\Kernel->handle(Object(Illuminate\\Http\\Request))
#65 C:\\Users\\Rubayet Anjum Joy\\Desktop\\Laravel Project\\blog\\server.php(21): require_once('C:\\\\Users\\\\Rubaye...')
#66 {main}
"} 
