[2021-02-22 20:56:25] local.ERROR: Invalid route action: [App\Http\Controllers\addmember]. {"exception":"[object] (UnexpectedValueException(code: 0): Invalid route action: [App\\Http\\Controllers\\addmember]. at C:\\Users\\Rubayet Anjum Joy\\Desktop\\Laravel Project\\blog\\vendor\\laravel\\framework\\src\\Illuminate\\Routing\\RouteAction.php:89)
[stacktrace]
#0 C:\\Users\\Rubayet Anjum Joy\\Desktop\\Laravel Project\\blog\\vendor\\laravel\\framework\\src\\Illuminate\\Routing\\RouteAction.php(46): Illuminate\\Routing\\RouteAction::makeInvokable('App\\\\Http\\\\Contro...')
#1 C:\\Users\\Rubayet Anjum Joy\\Desktop\\Laravel Project\\blog\\vendor\\laravel\\framework\\src\\Illuminate\\Routing\\Route.php(162): Illuminate\\Routing\\RouteAction::parse('addmember', Array)
#2 C:\\Users\\Rubayet Anjum Joy\\Desktop\\Laravel Project\\blog\\vendor\\laravel\\framework\\src\\Illuminate\\Routing\\Route.php(141): Illuminate\\Routing\\Route->parseAction(Array)
#3 C:\\Users\\Rubayet Anjum Joy\\Desktop\\Laravel Project\\blog\\vendor\\laravel\\framework\\src\\Illuminate\\Routing\\Router.php(547): Illuminate\\Routing\\Route->__construct('POST', 'addmember', Array)
#4 C:\\Users\\Rubayet Anjum Joy\\Desktop\\Laravel Project\\blog\\vendor\\laravel\\framework\\src\\Illuminate\\Routing\\Router.php(466): Illuminate\\Routing\\Router->newRoute('POST', 'addmember', Array)
#5 C:\\Users\\Rubayet Anjum Joy\\Desktop\\Laravel Project\\blog\\vendor\\laravel\\framework\\src\\Illuminate\\Routing\\Router.php(445): Illuminate\\Routing\\Router->createRoute('POST', 'addmember', Array)
#6 C:\\Users\\Rubayet Anjum Joy\\Desktop\\Laravel Project\\blog\\vendor\\laravel\\framework\\src\\Illuminate\\Routing\\Router.php(156): Illuminate\\Routing\\Router->addRoute('POST', 'addmember', 'addmember')
#7 C:\\Users\\Rubayet Anjum Joy\\Desktop\\Laravel Project\\blog\\vendor\\laravel\\framework\\src\\Illuminate\\Support\\Facades\\Facade.php(239): Illuminate\\Routing\\Router->post('addmember', 'addmember')
#8 C:\\Users\\Rubayet Anjum Joy\\Desktop\\Laravel Project\\blog\outes\\web.php(20): Illuminate\\Support\\Facades\\Facade::__callStatic('post', Array)
#9 C:\\Users\\Rubayet Anjum Joy\\Desktop\\Laravel Project\\blog\\vendor\\laravel\\framework\\src\\Illuminate\\Routing\\RouteFileRegistrar.php(35): require('C:\\\\Users\\\\Rubaye...')
#10 C:\\Users\\Rubayet Anjum Joy\\Desktop\\Laravel Project\\blog\\vendor\\laravel\\framework\\src\\Illuminate\\Routing\\Router.php(415): Illuminate\\Routing\\RouteFileRegistrar->register('C:\\\\Users\\\\Rubaye...')
#11 C:\\Users\\Rubayet Anjum Joy\\Desktop\\Laravel Project\\blog\\vendor\\laravel\\framework\\src\\Illuminate\\Routing\\Router.php(373): Illuminate\\Routing\\Router->loadRoutes('C:\\\\Users\\\\Rubaye...')
#12 C:\\Users\\Rubayet Anjum Joy\\Desktop\\Laravel Project\\blog\\vendor\\laravel\\framework\\src\\Illuminate\\Routing\\RouteRegistrar.php(121): Illuminate\\Routing\\Router->group(Array, 'C:\\\\Users\\\\Rubaye...')
#13 C:\\Users\\Rubayet Anjum Joy\\Desktop\\Laravel Project\\blog\\app\\Providers\\RouteServiceProvider.php(56): Illuminate\\Routing\\RouteRegistrar->group('C:\\\\Users\\\\Rubaye...')
#14 C:\\Users\\Rubayet Anjum Joy\\Desktop\\Laravel Project\\blog\\app\\Providers\\RouteServiceProvider.php(40): App\\Providers\\RouteServiceProvider->mapWebRoutes()
#15 [internal function]: App\\Providers\\RouteServiceProvider->map()
#16 C:\\Users\\Rubayet Anjum Joy\\Desktop\\Laravel Project\\blog\\vendor\\laravel\\framework\\src\\Illuminate\\Container\\BoundMethod.php(32): call_user_func_array(Array, Array)
#17 C:\\Users\\Rubayet Anjum Joy\\Desktop\\Laravel Project\\blog\\vendor\\laravel\\framework\\src\\Illuminate\\Container\\BoundMethod.php(90): Illuminate\\Container\\BoundMethod::Illuminate\\Container\\{closure}()
#18 C:\\Users\\Rubayet Anjum Joy\\Desktop\\Laravel Project\\blog\\vendor\\laravel\\framework\\src\\Illuminate\\Container\\BoundMethod.php(34): Illuminate\\Container\\BoundMethod::callBoundMethod(Object(Illuminate\\Foundation\\Application), Array, Object(Closure))
#19 C:\\Users\\Rubayet Anjum Joy\\Desktop\\Laravel Project\\blog\\vendor\\laravel\\framework\\src\\Illuminate\\Container\\Container.php(576): Illuminate\\Container\\BoundMethod::call(Object(Illuminate\\Foundation\\Application), Array, Array, NULL)
#20 C:\\Users\\Rubayet Anjum Joy\\Desktop\\Laravel Project\\blog\\vendor\\laravel\\framework\\src\\Illuminate\\Foundation\\Support\\Providers\\RouteServiceProvider.php(87): Illuminate\\Container\\Container->call(Array)
#21 C:\\Users\\Rubayet Anjum Joy\\Desktop\\Laravel Project\\blog\\vendor\\laravel\\framework\\src\\Illuminate\\Foundation\\Support\\Providers\\RouteServiceProvider.php(36): Illuminate\\Foundation\\Support\\Providers\\RouteServiceProvider->loadRoutes()
#22 C:\\Users\\Rubayet Anjum Joy\\Desktop\\Laravel Project\\blog\\app\\Providers\\RouteServiceProvider.php(28): Illuminate\\Foundation\\Support\\Providers\\RouteServiceProvider->boot()
#23 [internal function]: App\\Providers\\RouteServiceProvider->boot()
#24 C:\\Users\\Rubayet Anjum Joy\\Desktop\\Laravel Project\\blog\\vendor\\laravel\\framework\\src\\Illuminate\\Container\\BoundMethod.php(32): call_user_func_array(Array, Array)
#25 C:\\Users\\Rubayet Anjum Joy\\Desktop\\Laravel Project\\blog\\vendor\\laravel\\framework\\src\\Illuminate\\Container\\BoundMethod.php(90): Illuminate\\Container\\BoundMethod::Illuminate\\Container\\{closure}()
#26 C:\\Users\\Rubayet Anjum Joy\\Desktop\\Laravel Project\\blog\\vendor\\laravel\\framework\\src\\Illuminate\\Container\\BoundMethod.php(34): Illuminate\\Container\\BoundMethod::callBoundMethod(Object(Illuminate\\Foundation\\Application), Array, Object(Closure))
#27 C:\\Users\\Rubayet Anjum Joy\\Desktop\\Laravel Project\\blog\\vendor\\laravel\\framework\\src\\Illuminate\\Container\\Container.php(576): Illuminate\\Container\\BoundMethod::call(Object(Illuminate\\Foundation\\Application), Array, Array, NULL)
#28 C:\\Users\\Rubayet Anjum Joy\\Desktop\\Laravel Project\\blog\\vendor\\laravel\\framework\\src\\Illuminate\\Foundation\\Application.php(827): Illuminate\\Container\\Container->call(Array)
#29 C:\\Users\\Rubayet Anjum Joy\\Desktop\\Laravel Project\\blog\\vendor\\laravel\\framework\\src\\Illuminate\\Foundation\\Application.php(810): Illuminate\\Foundation\\Application->bootProvider(Object(App\\Providers\\RouteServiceProvider))
#30 [internal function]: Illuminate\\Foundation\\Application->Illuminate\\Foundation\\{closure}(Object(App\\Providers\\RouteServiceProvider), 20)
#31 C:\\Users\\Rubayet Anjum Joy\\Desktop\\Laravel Project\\blog\\vendor\\laravel\\framework\\src\\Illuminate\\Foundation\\Application.php(811): array_walk(Array, Object(Closure))
#32 C:\\Users\\Rubayet Anjum Joy\\Desktop\\Laravel Project\\blog\\vendor\\laravel\\framework\\src\\Illuminate\\Foundation\\Bootstrap\\BootProviders.php(17): Illuminate\\Foundation\\Application->boot()
#33 C:\\Users\\Rubayet Anjum Joy\\Desktop\\Laravel Project\\blog\\vendor\\laravel\\framework\\src\\Illuminate\\Foundation\\Application.php(210): Illuminate\\Foundation\\Bootstrap\\BootProviders->bootstrap(Object(Illuminate\\Foundation\\Application))
#34 C:\\Users\\Rubayet Anjum Joy\\Desktop\\Laravel Project\\blog\\vendor\\laravel\\framework\\src\\Illuminate\\Foundation\\Http\\Kernel.php(162): Illuminate\\Foundation\\Application->bootstrapWith(Array)
#35 C:\\Users\\Rubayet Anjum Joy\\Desktop\\Laravel Project\\blog\\vendor\\laravel\\framework\\src\\Illuminate\\Foundation\\Http\\Kernel.php(146): Illuminate\\Foundation\\Http\\Kernel->bootstrap()
#36 C:\\Users\\Rubayet Anjum Joy\\Desktop\\Laravel Project\\blog\\vendor\\laravel\\framework\\src\\Illuminate\\Foundation\\Http\\Kernel.php(116): Illuminate\\Foundation\\Http\\Kernel->sendRequestThroughRouter(Object(Illuminate\\Http\\Request))
#37 C:\\Users\\Rubayet Anjum Joy\\Desktop\\Laravel Project\\blog\\public\\index.php(55): Illuminate\\Foundation\\Http\\Kernel->handle(Object(Illuminate\\Http\\Request))
#38 C:\\Users\\Rubayet Anjum Joy\\Desktop\\Laravel Project\\blog\\server.php(21): require_once('C:\\\\Users\\\\Rubaye...')
#39 {main}
"} 
[2021-02-22 20:56:52] local.ERROR: Invalid route action: [App\Http\Controllers\addmember]. {"exception":"[object] (UnexpectedValueException(code: 0): Invalid route action: [App\\Http\\Controllers\\addmember]. at C:\\Users\\Rubayet Anjum Joy\\Desktop\\Laravel Project\\blog\\vendor\\laravel\\framework\\src\\Illuminate\\Routing\\RouteAction.php:89)
[stacktrace]
#0 C:\\Users\\Rubayet Anjum Joy\\Desktop\\Laravel Project\\blog\\vendor\\laravel\\framework\\src\\Illuminate\\Routing\\RouteAction.php(46): Illuminate\\Routing\\RouteAction::makeInvokable('App\\\\Http\\\\Contro...')
#1 C:\\Users\\Rubayet Anjum Joy\\Desktop\\Laravel Project\\blog\\vendor\\laravel\\framework\\src\\Illuminate\\Routing\\Route.php(162): Illuminate\\Routing\\RouteAction::parse('addmember', Array)
#2 C:\\Users\\Rubayet Anjum Joy\\Desktop\\Laravel Project\\blog\\vendor\\laravel\\framework\\src\\Illuminate\\Routing\\Route.php(141): Illuminate\\Routing\\Route->parseAction(Array)
#3 C:\\Users\\Rubayet Anjum Joy\\Desktop\\Laravel Project\\blog\\vendor\\laravel\\framework\\src\\Illuminate\\Routing\\Router.php(547): Illuminate\\Routing\\Route->__construct('POST', 'addmember', Array)
#4 C:\\Users\\Rubayet Anjum Joy\\Desktop\\Laravel Project\\blog\\vendor\\laravel\\framework\\src\\Illuminate\\Routing\\Router.php(466): Illuminate\\Routing\\Router->newRoute('POST', 'addmember', Array)
#5 C:\\Users\\Rubayet Anjum Joy\\Desktop\\Laravel Project\\blog\\vendor\\laravel\\framework\\src\\Illuminate\\Routing\\Router.php(445): Illuminate\\Routing\\Router->createRoute('POST', '/addmember', Array)
#6 C:\\Users\\Rubayet Anjum Joy\\Desktop\\Laravel Project\\blog\\vendor\\laravel\\framework\\src\\Illuminate\\Routing\\Router.php(156): Illuminate\\Routing\\Router->addRoute('POST', '/addmember', 'addmember')
#7 C:\\Users\\Rubayet Anjum Joy\\Desktop\\Laravel Project\\blog\\vendor\\laravel\\framework\\src\\Illuminate\\Support\\Facades\\Facade.php(239): Illuminate\\Routing\\Router->post('/addmember', 'addmember')
#8 C:\\Users\\Rubayet Anjum Joy\\Desktop\\Laravel Project\\blog\outes\\web.php(20): Illuminate\\Support\\Facades\\Facade::__callStatic('post', Array)
#9 C:\\Users\\Rubayet Anjum Joy\\Desktop\\Laravel Project\\blog\\vendor\\laravel\\framework\\src\\Illuminate\\Routing\\RouteFileRegistrar.php(35): require('C:\\\\Users\\\\Rubaye...')
#10 C:\\Users\\Rubayet Anjum Joy\\Desktop\\Laravel Project\\blog\\vendor\\laravel\\framework\\src\\Illuminate\\Routing\\Router.php(415): Illuminate\\Routing\\RouteFileRegistrar->register('C:\\\\Users\\\\Rubaye...')
#11 C:\\Users\\Rubayet Anjum Joy\\Desktop\\Laravel Project\\blog\\vendor\\laravel\\framework\\src\\Illuminate\\Routing\\Router.php(373): Illuminate\\Routing\\Router->loadRoutes('C:\\\\Users\\\\Rubaye...')
#12 C:\\Users\\Rubayet Anjum Joy\\Desktop\\Laravel Project\\blog\\vendor\\laravel\\framework\\src\\Illuminate\\Routing\\RouteRegistrar.php(121): Illuminate\\Routing\\Router->group(Array, 'C:\\\\Users\\\\Rubaye...')
#13 C:\\Users\\Rubayet Anjum Joy\\Desktop\\Laravel Project\\blog\\app\\Providers\\RouteServiceProvider.php(56): Illuminate\\Routing\\RouteRegistrar->group('C:\\\\Users\\\\Rubaye...')
#14 C:\\Users\\Rubayet Anjum Joy\\Desktop\\Laravel Project\\blog\\app\\Providers\\RouteServiceProvider.php(40): App\\Providers\\RouteServiceProvider->mapWebRoutes()
#15 [internal function]: App\\Providers\\RouteServiceProvider->map()
#16 C:\\Users\\Rubayet Anjum Joy\\Desktop\\Laravel Project\\blog\\vendor\\laravel\\framework\\src\\Illuminate\\Container\\BoundMethod.php(32): call_user_func_array(Array, Array)
#17 C:\\Users\\Rubayet Anjum Joy\\Desktop\\Laravel Project\\blog\\vendor\\laravel\\framework\\src\\Illuminate\\Container\\BoundMethod.php(90): Illuminate\\Container\\BoundMethod::Illuminate\\Container\\{closure}()
#18 C:\\Users\\Rubayet Anjum Joy\\Desktop\\Laravel Project\\blog\\vendor\\laravel\\framework\\src\\Illuminate\\Container\\BoundMethod.php(34): Illuminate\\Container\\BoundMethod::callBoundMethod(Object(Illuminate\\Foundation\\Application), Array, Object(Closure))
#19 C:\\Users\\Rubayet Anjum Joy\\Desktop\\Laravel Project\\blog\\vendor\\laravel\\framework\\src\\Illuminate\\Container\\Container.php(576): Illuminate\\Container\\BoundMethod::call(Object(Illuminate\\Foundation\\Application), Array, Array, NULL)
#20 C:\\Users\\Rubayet Anjum Joy\\Desktop\\Laravel Project\\blog\\vendor\\laravel\\framework\\src\\Illuminate\\Foundation\\Support\\Providers\\RouteServiceProvider.php(87): Illuminate\\Container\\Container->call(Array)
#21 C:\\Users\\Rubayet Anjum Joy\\Desktop\\Laravel Project\\blog\\vendor\\laravel\\framework\\src\\Illuminate\\Foundation\\Support\\Providers\\RouteServiceProvider.php(36): Illuminate\\Foundation\\Support\\Providers\\RouteServiceProvider->loadRoutes()
#22 C:\\Users\\Rubayet Anjum Joy\\Desktop\\Laravel Project\\blog\\app\\Providers\\RouteServiceProvider.php(28): Illuminate\\Foundation\\Support\\Providers\\RouteServiceProvider->boot()
#23 [internal function]: App\\Providers\\RouteServiceProvider->boot()
#24 C:\\Users\\Rubayet Anjum Joy\\Desktop\\Laravel Project\\blog\\vendor\\laravel\\framework\\src\\Illuminate\\Container\\BoundMethod.php(32): call_user_func_array(Array, Array)
#25 C:\\Users\\Rubayet Anjum Joy\\Desktop\\Laravel Project\\blog\\vendor\\laravel\\framework\\src\\Illuminate\\Container\\BoundMethod.php(90): Illuminate\\Container\\BoundMethod::Illuminate\\Container\\{closure}()
#26 C:\\Users\\Rubayet Anjum Joy\\Desktop\\Laravel Project\\blog\\vendor\\laravel\\framework\\src\\Illuminate\\Container\\BoundMethod.php(34): Illuminate\\Container\\BoundMethod::callBoundMethod(Object(Illuminate\\Foundation\\Application), Array, Object(Closure))
#27 C:\\Users\\Rubayet Anjum Joy\\Desktop\\Laravel Project\\blog\\vendor\\laravel\\framework\\src\\Illuminate\\Container\\Container.php(576): Illuminate\\Container\\BoundMethod::call(Object(Illuminate\\Foundation\\Application), Array, Array, NULL)
#28 C:\\Users\\Rubayet Anjum Joy\\Desktop\\Laravel Project\\blog\\vendor\\laravel\\framework\\src\\Illuminate\\Foundation\\Application.php(827): Illuminate\\Container\\Container->call(Array)
#29 C:\\Users\\Rubayet Anjum Joy\\Desktop\\Laravel Project\\blog\\vendor\\laravel\\framework\\src\\Illuminate\\Foundation\\Application.php(810): Illuminate\\Foundation\\Application->bootProvider(Object(App\\Providers\\RouteServiceProvider))
#30 [internal function]: Illuminate\\Foundation\\Application->Illuminate\\Foundation\\{closure}(Object(App\\Providers\\RouteServiceProvider), 20)
#31 C:\\Users\\Rubayet Anjum Joy\\Desktop\\Laravel Project\\blog\\vendor\\laravel\\framework\\src\\Illuminate\\Foundation\\Application.php(811): array_walk(Array, Object(Closure))
#32 C:\\Users\\Rubayet Anjum Joy\\Desktop\\Laravel Project\\blog\\vendor\\laravel\\framework\\src\\Illuminate\\Foundation\\Bootstrap\\BootProviders.php(17): Illuminate\\Foundation\\Application->boot()
#33 C:\\Users\\Rubayet Anjum Joy\\Desktop\\Laravel Project\\blog\\vendor\\laravel\\framework\\src\\Illuminate\\Foundation\\Application.php(210): Illuminate\\Foundation\\Bootstrap\\BootProviders->bootstrap(Object(Illuminate\\Foundation\\Application))
#34 C:\\Users\\Rubayet Anjum Joy\\Desktop\\Laravel Project\\blog\\vendor\\laravel\\framework\\src\\Illuminate\\Foundation\\Http\\Kernel.php(162): Illuminate\\Foundation\\Application->bootstrapWith(Array)
#35 C:\\Users\\Rubayet Anjum Joy\\Desktop\\Laravel Project\\blog\\vendor\\laravel\\framework\\src\\Illuminate\\Foundation\\Http\\Kernel.php(146): Illuminate\\Foundation\\Http\\Kernel->bootstrap()
#36 C:\\Users\\Rubayet Anjum Joy\\Desktop\\Laravel Project\\blog\\vendor\\laravel\\framework\\src\\Illuminate\\Foundation\\Http\\Kernel.php(116): Illuminate\\Foundation\\Http\\Kernel->sendRequestThroughRouter(Object(Illuminate\\Http\\Request))
#37 C:\\Users\\Rubayet Anjum Joy\\Desktop\\Laravel Project\\blog\\public\\index.php(55): Illuminate\\Foundation\\Http\\Kernel->handle(Object(Illuminate\\Http\\Request))
#38 C:\\Users\\Rubayet Anjum Joy\\Desktop\\Laravel Project\\blog\\server.php(21): require_once('C:\\\\Users\\\\Rubaye...')
#39 {main}
"} 
[2021-02-22 20:57:18] local.ERROR: Invalid route action: [App\Http\Controllers\addmember]. {"exception":"[object] (UnexpectedValueException(code: 0): Invalid route action: [App\\Http\\Controllers\\addmember]. at C:\\Users\\Rubayet Anjum Joy\\Desktop\\Laravel Project\\blog\\vendor\\laravel\\framework\\src\\Illuminate\\Routing\\RouteAction.php:89)
[stacktrace]
#0 C:\\Users\\Rubayet Anjum Joy\\Desktop\\Laravel Project\\blog\\vendor\\laravel\\framework\\src\\Illuminate\\Routing\\RouteAction.php(46): Illuminate\\Routing\\RouteAction::makeInvokable('App\\\\Http\\\\Contro...')
#1 C:\\Users\\Rubayet Anjum Joy\\Desktop\\Laravel Project\\blog\\vendor\\laravel\\framework\\src\\Illuminate\\Routing\\Route.php(162): Illuminate\\Routing\\RouteAction::parse('addmember', Array)
#2 C:\\Users\\Rubayet Anjum Joy\\Desktop\\Laravel Project\\blog\\vendor\\laravel\\framework\\src\\Illuminate\\Routing\\Route.php(141): Illuminate\\Routing\\Route->parseAction(Array)
#3 C:\\Users\\Rubayet Anjum Joy\\Desktop\\Laravel Project\\blog\\vendor\\laravel\\framework\\src\\Illuminate\\Routing\\Router.php(547): Illuminate\\Routing\\Route->__construct('POST', 'addmember', Array)
#4 C:\\Users\\Rubayet Anjum Joy\\Desktop\\Laravel Project\\blog\\vendor\\laravel\\framework\\src\\Illuminate\\Routing\\Router.php(466): Illuminate\\Routing\\Router->newRoute('POST', 'addmember', Array)
#5 C:\\Users\\Rubayet Anjum Joy\\Desktop\\Laravel Project\\blog\\vendor\\laravel\\framework\\src\\Illuminate\\Routing\\Router.php(445): Illuminate\\Routing\\Router->createRoute('POST', '/addmember', Array)
#6 C:\\Users\\Rubayet Anjum Joy\\Desktop\\Laravel Project\\blog\\vendor\\laravel\\framework\\src\\Illuminate\\Routing\\Router.php(156): Illuminate\\Routing\\Router->addRoute('POST', '/addmember', 'addmember')
#7 C:\\Users\\Rubayet Anjum Joy\\Desktop\\Laravel Project\\blog\\vendor\\laravel\\framework\\src\\Illuminate\\Support\\Facades\\Facade.php(239): Illuminate\\Routing\\Router->post('/addmember', 'addmember')
#8 C:\\Users\\Rubayet Anjum Joy\\Desktop\\Laravel Project\\blog\outes\\web.php(20): Illuminate\\Support\\Facades\\Facade::__callStatic('post', Array)
#9 C:\\Users\\Rubayet Anjum Joy\\Desktop\\Laravel Project\\blog\\vendor\\laravel\\framework\\src\\Illuminate\\Routing\\RouteFileRegistrar.php(35): require('C:\\\\Users\\\\Rubaye...')
#10 C:\\Users\\Rubayet Anjum Joy\\Desktop\\Laravel Project\\blog\\vendor\\laravel\\framework\\src\\Illuminate\\Routing\\Router.php(415): Illuminate\\Routing\\RouteFileRegistrar->register('C:\\\\Users\\\\Rubaye...')
#11 C:\\Users\\Rubayet Anjum Joy\\Desktop\\Laravel Project\\blog\\vendor\\laravel\\framework\\src\\Illuminate\\Routing\\Router.php(373): Illuminate\\Routing\\Router->loadRoutes('C:\\\\Users\\\\Rubaye...')
#12 C:\\Users\\Rubayet Anjum Joy\\Desktop\\Laravel Project\\blog\\vendor\\laravel\\framework\\src\\Illuminate\\Routing\\RouteRegistrar.php(121): Illuminate\\Routing\\Router->group(Array, 'C:\\\\Users\\\\Rubaye...')
#13 C:\\Users\\Rubayet Anjum Joy\\Desktop\\Laravel Project\\blog\\app\\Providers\\RouteServiceProvider.php(56): Illuminate\\Routing\\RouteRegistrar->group('C:\\\\Users\\\\Rubaye...')
#14 C:\\Users\\Rubayet Anjum Joy\\Desktop\\Laravel Project\\blog\\app\\Providers\\RouteServiceProvider.php(40): App\\Providers\\RouteServiceProvider->mapWebRoutes()
#15 [internal function]: App\\Providers\\RouteServiceProvider->map()
#16 C:\\Users\\Rubayet Anjum Joy\\Desktop\\Laravel Project\\blog\\vendor\\laravel\\framework\\src\\Illuminate\\Container\\BoundMethod.php(32): call_user_func_array(Array, Array)
#17 C:\\Users\\Rubayet Anjum Joy\\Desktop\\Laravel Project\\blog\\vendor\\laravel\\framework\\src\\Illuminate\\Container\\BoundMethod.php(90): Illuminate\\Container\\BoundMethod::Illuminate\\Container\\{closure}()
#18 C:\\Users\\Rubayet Anjum Joy\\Desktop\\Laravel Project\\blog\\vendor\\laravel\\framework\\src\\Illuminate\\Container\\BoundMethod.php(34): Illuminate\\Container\\BoundMethod::callBoundMethod(Object(Illuminate\\Foundation\\Application), Array, Object(Closure))
#19 C:\\Users\\Rubayet Anjum Joy\\Desktop\\Laravel Project\\blog\\vendor\\laravel\\framework\\src\\Illuminate\\Container\\Container.php(576): Illuminate\\Container\\BoundMethod::call(Object(Illuminate\\Foundation\\Application), Array, Array, NULL)
#20 C:\\Users\\Rubayet Anjum Joy\\Desktop\\Laravel Project\\blog\\vendor\\laravel\\framework\\src\\Illuminate\\Foundation\\Support\\Providers\\RouteServiceProvider.php(87): Illuminate\\Container\\Container->call(Array)
#21 C:\\Users\\Rubayet Anjum Joy\\Desktop\\Laravel Project\\blog\\vendor\\laravel\\framework\\src\\Illuminate\\Foundation\\Support\\Providers\\RouteServiceProvider.php(36): Illuminate\\Foundation\\Support\\Providers\\RouteServiceProvider->loadRoutes()
#22 C:\\Users\\Rubayet Anjum Joy\\Desktop\\Laravel Project\\blog\\app\\Providers\\RouteServiceProvider.php(28): Illuminate\\Foundation\\Support\\Providers\\RouteServiceProvider->boot()
#23 [internal function]: App\\Providers\\RouteServiceProvider->boot()
#24 C:\\Users\\Rubayet Anjum Joy\\Desktop\\Laravel Project\\blog\\vendor\\laravel\\framework\\src\\Illuminate\\Container\\BoundMethod.php(32): call_user_func_array(Array, Array)
#25 C:\\Users\\Rubayet Anjum Joy\\Desktop\\Laravel Project\\blog\\vendor\\laravel\\framework\\src\\Illuminate\\Container\\BoundMethod.php(90): Illuminate\\Container\\BoundMethod::Illuminate\\Container\\{closure}()
#26 C:\\Users\\Rubayet Anjum Joy\\Desktop\\Laravel Project\\blog\\vendor\\laravel\\framework\\src\\Illuminate\\Container\\BoundMethod.php(34): Illuminate\\Container\\BoundMethod::callBoundMethod(Object(Illuminate\\Foundation\\Application), Array, Object(Closure))
#27 C:\\Users\\Rubayet Anjum Joy\\Desktop\\Laravel Project\\blog\\vendor\\laravel\\framework\\src\\Illuminate\\Container\\Container.php(576): Illuminate\\Container\\BoundMethod::call(Object(Illuminate\\Foundation\\Application), Array, Array, NULL)
#28 C:\\Users\\Rubayet Anjum Joy\\Desktop\\Laravel Project\\blog\\vendor\\laravel\\framework\\src\\Illuminate\\Foundation\\Application.php(827): Illuminate\\Container\\Container->call(Array)
#29 C:\\Users\\Rubayet Anjum Joy\\Desktop\\Laravel Project\\blog\\vendor\\laravel\\framework\\src\\Illuminate\\Foundation\\Application.php(810): Illuminate\\Foundation\\Application->bootProvider(Object(App\\Providers\\RouteServiceProvider))
#30 [internal function]: Illuminate\\Foundation\\Application->Illuminate\\Foundation\\{closure}(Object(App\\Providers\\RouteServiceProvider), 20)
#31 C:\\Users\\Rubayet Anjum Joy\\Desktop\\Laravel Project\\blog\\vendor\\laravel\\framework\\src\\Illuminate\\Foundation\\Application.php(811): array_walk(Array, Object(Closure))
#32 C:\\Users\\Rubayet Anjum Joy\\Desktop\\Laravel Project\\blog\\vendor\\laravel\\framework\\src\\Illuminate\\Foundation\\Bootstrap\\BootProviders.php(17): Illuminate\\Foundation\\Application->boot()
#33 C:\\Users\\Rubayet Anjum Joy\\Desktop\\Laravel Project\\blog\\vendor\\laravel\\framework\\src\\Illuminate\\Foundation\\Application.php(210): Illuminate\\Foundation\\Bootstrap\\BootProviders->bootstrap(Object(Illuminate\\Foundation\\Application))
#34 C:\\Users\\Rubayet Anjum Joy\\Desktop\\Laravel Project\\blog\\vendor\\laravel\\framework\\src\\Illuminate\\Foundation\\Http\\Kernel.php(162): Illuminate\\Foundation\\Application->bootstrapWith(Array)
#35 C:\\Users\\Rubayet Anjum Joy\\Desktop\\Laravel Project\\blog\\vendor\\laravel\\framework\\src\\Illuminate\\Foundation\\Http\\Kernel.php(146): Illuminate\\Foundation\\Http\\Kernel->bootstrap()
#36 C:\\Users\\Rubayet Anjum Joy\\Desktop\\Laravel Project\\blog\\vendor\\laravel\\framework\\src\\Illuminate\\Foundation\\Http\\Kernel.php(116): Illuminate\\Foundation\\Http\\Kernel->sendRequestThroughRouter(Object(Illuminate\\Http\\Request))
#37 C:\\Users\\Rubayet Anjum Joy\\Desktop\\Laravel Project\\blog\\public\\index.php(55): Illuminate\\Foundation\\Http\\Kernel->handle(Object(Illuminate\\Http\\Request))
#38 C:\\Users\\Rubayet Anjum Joy\\Desktop\\Laravel Project\\blog\\server.php(21): require_once('C:\\\\Users\\\\Rubaye...')
#39 {main}
"} 
[2021-02-22 20:57:21] local.ERROR: Invalid route action: [App\Http\Controllers\addmember]. {"exception":"[object] (UnexpectedValueException(code: 0): Invalid route action: [App\\Http\\Controllers\\addmember]. at C:\\Users\\Rubayet Anjum Joy\\Desktop\\Laravel Project\\blog\\vendor\\laravel\\framework\\src\\Illuminate\\Routing\\RouteAction.php:89)
[stacktrace]
#0 C:\\Users\\Rubayet Anjum Joy\\Desktop\\Laravel Project\\blog\\vendor\\laravel\\framework\\src\\Illuminate\\Routing\\RouteAction.php(46): Illuminate\\Routing\\RouteAction::makeInvokable('App\\\\Http\\\\Contro...')
#1 C:\\Users\\Rubayet Anjum Joy\\Desktop\\Laravel Project\\blog\\vendor\\laravel\\framework\\src\\Illuminate\\Routing\\Route.php(162): Illuminate\\Routing\\RouteAction::parse('addmember', Array)
#2 C:\\Users\\Rubayet Anjum Joy\\Desktop\\Laravel Project\\blog\\vendor\\laravel\\framework\\src\\Illuminate\\Routing\\Route.php(141): Illuminate\\Routing\\Route->parseAction(Array)
#3 C:\\Users\\Rubayet Anjum Joy\\Desktop\\Laravel Project\\blog\\vendor\\laravel\\framework\\src\\Illuminate\\Routing\\Router.php(547): Illuminate\\Routing\\Route->__construct('POST', 'addmember', Array)
#4 C:\\Users\\Rubayet Anjum Joy\\Desktop\\Laravel Project\\blog\\vendor\\laravel\\framework\\src\\Illuminate\\Routing\\Router.php(466): Illuminate\\Routing\\Router->newRoute('POST', 'addmember', Array)
#5 C:\\Users\\Rubayet Anjum Joy\\Desktop\\Laravel Project\\blog\\vendor\\laravel\\framework\\src\\Illuminate\\Routing\\Router.php(445): Illuminate\\Routing\\Router->createRoute('POST', '/addmember', Array)
#6 C:\\Users\\Rubayet Anjum Joy\\Desktop\\Laravel Project\\blog\\vendor\\laravel\\framework\\src\\Illuminate\\Routing\\Router.php(156): Illuminate\\Routing\\Router->addRoute('POST', '/addmember', 'addmember')
#7 C:\\Users\\Rubayet Anjum Joy\\Desktop\\Laravel Project\\blog\\vendor\\laravel\\framework\\src\\Illuminate\\Support\\Facades\\Facade.php(239): Illuminate\\Routing\\Router->post('/addmember', 'addmember')
#8 C:\\Users\\Rubayet Anjum Joy\\Desktop\\Laravel Project\\blog\outes\\web.php(20): Illuminate\\Support\\Facades\\Facade::__callStatic('post', Array)
#9 C:\\Users\\Rubayet Anjum Joy\\Desktop\\Laravel Project\\blog\\vendor\\laravel\\framework\\src\\Illuminate\\Routing\\RouteFileRegistrar.php(35): require('C:\\\\Users\\\\Rubaye...')
#10 C:\\Users\\Rubayet Anjum Joy\\Desktop\\Laravel Project\\blog\\vendor\\laravel\\framework\\src\\Illuminate\\Routing\\Router.php(415): Illuminate\\Routing\\RouteFileRegistrar->register('C:\\\\Users\\\\Rubaye...')
#11 C:\\Users\\Rubayet Anjum Joy\\Desktop\\Laravel Project\\blog\\vendor\\laravel\\framework\\src\\Illuminate\\Routing\\Router.php(373): Illuminate\\Routing\\Router->loadRoutes('C:\\\\Users\\\\Rubaye...')
#12 C:\\Users\\Rubayet Anjum Joy\\Desktop\\Laravel Project\\blog\\vendor\\laravel\\framework\\src\\Illuminate\\Routing\\RouteRegistrar.php(121): Illuminate\\Routing\\Router->group(Array, 'C:\\\\Users\\\\Rubaye...')
#13 C:\\Users\\Rubayet Anjum Joy\\Desktop\\Laravel Project\\blog\\app\\Providers\\RouteServiceProvider.php(56): Illuminate\\Routing\\RouteRegistrar->group('C:\\\\Users\\\\Rubaye...')
#14 C:\\Users\\Rubayet Anjum Joy\\Desktop\\Laravel Project\\blog\\app\\Providers\\RouteServiceProvider.php(40): App\\Providers\\RouteServiceProvider->mapWebRoutes()
#15 [internal function]: App\\Providers\\RouteServiceProvider->map()
#16 C:\\Users\\Rubayet Anjum Joy\\Desktop\\Laravel Project\\blog\\vendor\\laravel\\framework\\src\\Illuminate\\Container\\BoundMethod.php(32): call_user_func_array(Array, Array)
#17 C:\\Users\\Rubayet Anjum Joy\\Desktop\\Laravel Project\\blog\\vendor\\laravel\\framework\\src\\Illuminate\\Container\\BoundMethod.php(90): Illuminate\\Container\\BoundMethod::Illuminate\\Container\\{closure}()
#18 C:\\Users\\Rubayet Anjum Joy\\Desktop\\Laravel Project\\blog\\vendor\\laravel\\framework\\src\\Illuminate\\Container\\BoundMethod.php(34): Illuminate\\Container\\BoundMethod::callBoundMethod(Object(Illuminate\\Foundation\\Application), Array, Object(Closure))
#19 C:\\Users\\Rubayet Anjum Joy\\Desktop\\Laravel Project\\blog\\vendor\\laravel\\framework\\src\\Illuminate\\Container\\Container.php(576): Illuminate\\Container\\BoundMethod::call(Object(Illuminate\\Foundation\\Application), Array, Array, NULL)
#20 C:\\Users\\Rubayet Anjum Joy\\Desktop\\Laravel Project\\blog\\vendor\\laravel\\framework\\src\\Illuminate\\Foundation\\Support\\Providers\\RouteServiceProvider.php(87): Illuminate\\Container\\Container->call(Array)
#21 C:\\Users\\Rubayet Anjum Joy\\Desktop\\Laravel Project\\blog\\vendor\\laravel\\framework\\src\\Illuminate\\Foundation\\Support\\Providers\\RouteServiceProvider.php(36): Illuminate\\Foundation\\Support\\Providers\\RouteServiceProvider->loadRoutes()
#22 C:\\Users\\Rubayet Anjum Joy\\Desktop\\Laravel Project\\blog\\app\\Providers\\RouteServiceProvider.php(28): Illuminate\\Foundation\\Support\\Providers\\RouteServiceProvider->boot()
#23 [internal function]: App\\Providers\\RouteServiceProvider->boot()
#24 C:\\Users\\Rubayet Anjum Joy\\Desktop\\Laravel Project\\blog\\vendor\\laravel\\framework\\src\\Illuminate\\Container\\BoundMethod.php(32): call_user_func_array(Array, Array)
#25 C:\\Users\\Rubayet Anjum Joy\\Desktop\\Laravel Project\\blog\\vendor\\laravel\\framework\\src\\Illuminate\\Container\\BoundMethod.php(90): Illuminate\\Container\\BoundMethod::Illuminate\\Container\\{closure}()
#26 C:\\Users\\Rubayet Anjum Joy\\Desktop\\Laravel Project\\blog\\vendor\\laravel\\framework\\src\\Illuminate\\Container\\BoundMethod.php(34): Illuminate\\Container\\BoundMethod::callBoundMethod(Object(Illuminate\\Foundation\\Application), Array, Object(Closure))
#27 C:\\Users\\Rubayet Anjum Joy\\Desktop\\Laravel Project\\blog\\vendor\\laravel\\framework\\src\\Illuminate\\Container\\Container.php(576): Illuminate\\Container\\BoundMethod::call(Object(Illuminate\\Foundation\\Application), Array, Array, NULL)
#28 C:\\Users\\Rubayet Anjum Joy\\Desktop\\Laravel Project\\blog\\vendor\\laravel\\framework\\src\\Illuminate\\Foundation\\Application.php(827): Illuminate\\Container\\Container->call(Array)
#29 C:\\Users\\Rubayet Anjum Joy\\Desktop\\Laravel Project\\blog\\vendor\\laravel\\framework\\src\\Illuminate\\Foundation\\Application.php(810): Illuminate\\Foundation\\Application->bootProvider(Object(App\\Providers\\RouteServiceProvider))
#30 [internal function]: Illuminate\\Foundation\\Application->Illuminate\\Foundation\\{closure}(Object(App\\Providers\\RouteServiceProvider), 20)
#31 C:\\Users\\Rubayet Anjum Joy\\Desktop\\Laravel Project\\blog\\vendor\\laravel\\framework\\src\\Illuminate\\Foundation\\Application.php(811): array_walk(Array, Object(Closure))
#32 C:\\Users\\Rubayet Anjum Joy\\Desktop\\Laravel Project\\blog\\vendor\\laravel\\framework\\src\\Illuminate\\Foundation\\Bootstrap\\BootProviders.php(17): Illuminate\\Foundation\\Application->boot()
#33 C:\\Users\\Rubayet Anjum Joy\\Desktop\\Laravel Project\\blog\\vendor\\laravel\\framework\\src\\Illuminate\\Foundation\\Application.php(210): Illuminate\\Foundation\\Bootstrap\\BootProviders->bootstrap(Object(Illuminate\\Foundation\\Application))
#34 C:\\Users\\Rubayet Anjum Joy\\Desktop\\Laravel Project\\blog\\vendor\\laravel\\framework\\src\\Illuminate\\Foundation\\Http\\Kernel.php(162): Illuminate\\Foundation\\Application->bootstrapWith(Array)
#35 C:\\Users\\Rubayet Anjum Joy\\Desktop\\Laravel Project\\blog\\vendor\\laravel\\framework\\src\\Illuminate\\Foundation\\Http\\Kernel.php(146): Illuminate\\Foundation\\Http\\Kernel->bootstrap()
#36 C:\\Users\\Rubayet Anjum Joy\\Desktop\\Laravel Project\\blog\\vendor\\laravel\\framework\\src\\Illuminate\\Foundation\\Http\\Kernel.php(116): Illuminate\\Foundation\\Http\\Kernel->sendRequestThroughRouter(Object(Illuminate\\Http\\Request))
#37 C:\\Users\\Rubayet Anjum Joy\\Desktop\\Laravel Project\\blog\\public\\index.php(55): Illuminate\\Foundation\\Http\\Kernel->handle(Object(Illuminate\\Http\\Request))
#38 C:\\Users\\Rubayet Anjum Joy\\Desktop\\Laravel Project\\blog\\server.php(21): require_once('C:\\\\Users\\\\Rubaye...')
#39 {main}
"} 
[2021-02-22 20:57:41] local.ERROR: Invalid route action: [App\Http\Controllers\addmember]. {"exception":"[object] (UnexpectedValueException(code: 0): Invalid route action: [App\\Http\\Controllers\\addmember]. at C:\\Users\\Rubayet Anjum Joy\\Desktop\\Laravel Project\\blog\\vendor\\laravel\\framework\\src\\Illuminate\\Routing\\RouteAction.php:89)
[stacktrace]
#0 C:\\Users\\Rubayet Anjum Joy\\Desktop\\Laravel Project\\blog\\vendor\\laravel\\framework\\src\\Illuminate\\Routing\\RouteAction.php(46): Illuminate\\Routing\\RouteAction::makeInvokable('App\\\\Http\\\\Contro...')
#1 C:\\Users\\Rubayet Anjum Joy\\Desktop\\Laravel Project\\blog\\vendor\\laravel\\framework\\src\\Illuminate\\Routing\\Route.php(162): Illuminate\\Routing\\RouteAction::parse('addmember', Array)
#2 C:\\Users\\Rubayet Anjum Joy\\Desktop\\Laravel Project\\blog\\vendor\\laravel\\framework\\src\\Illuminate\\Routing\\Route.php(141): Illuminate\\Routing\\Route->parseAction(Array)
#3 C:\\Users\\Rubayet Anjum Joy\\Desktop\\Laravel Project\\blog\\vendor\\laravel\\framework\\src\\Illuminate\\Routing\\Router.php(547): Illuminate\\Routing\\Route->__construct('POST', 'addmember', Array)
#4 C:\\Users\\Rubayet Anjum Joy\\Desktop\\Laravel Project\\blog\\vendor\\laravel\\framework\\src\\Illuminate\\Routing\\Router.php(466): Illuminate\\Routing\\Router->newRoute('POST', 'addmember', Array)
#5 C:\\Users\\Rubayet Anjum Joy\\Desktop\\Laravel Project\\blog\\vendor\\laravel\\framework\\src\\Illuminate\\Routing\\Router.php(445): Illuminate\\Routing\\Router->createRoute('POST', '/addmember', Array)
#6 C:\\Users\\Rubayet Anjum Joy\\Desktop\\Laravel Project\\blog\\vendor\\laravel\\framework\\src\\Illuminate\\Routing\\Router.php(156): Illuminate\\Routing\\Router->addRoute('POST', '/addmember', 'addmember')
#7 C:\\Users\\Rubayet Anjum Joy\\Desktop\\Laravel Project\\blog\\vendor\\laravel\\framework\\src\\Illuminate\\Support\\Facades\\Facade.php(239): Illuminate\\Routing\\Router->post('/addmember', 'addmember')
#8 C:\\Users\\Rubayet Anjum Joy\\Desktop\\Laravel Project\\blog\outes\\web.php(20): Illuminate\\Support\\Facades\\Facade::__callStatic('post', Array)
#9 C:\\Users\\Rubayet Anjum Joy\\Desktop\\Laravel Project\\blog\\vendor\\laravel\\framework\\src\\Illuminate\\Routing\\RouteFileRegistrar.php(35): require('C:\\\\Users\\\\Rubaye...')
#10 C:\\Users\\Rubayet Anjum Joy\\Desktop\\Laravel Project\\blog\\vendor\\laravel\\framework\\src\\Illuminate\\Routing\\Router.php(415): Illuminate\\Routing\\RouteFileRegistrar->register('C:\\\\Users\\\\Rubaye...')
#11 C:\\Users\\Rubayet Anjum Joy\\Desktop\\Laravel Project\\blog\\vendor\\laravel\\framework\\src\\Illuminate\\Routing\\Router.php(373): Illuminate\\Routing\\Router->loadRoutes('C:\\\\Users\\\\Rubaye...')
#12 C:\\Users\\Rubayet Anjum Joy\\Desktop\\Laravel Project\\blog\\vendor\\laravel\\framework\\src\\Illuminate\\Routing\\RouteRegistrar.php(121): Illuminate\\Routing\\Router->group(Array, 'C:\\\\Users\\\\Rubaye...')
#13 C:\\Users\\Rubayet Anjum Joy\\Desktop\\Laravel Project\\blog\\app\\Providers\\RouteServiceProvider.php(56): Illuminate\\Routing\\RouteRegistrar->group('C:\\\\Users\\\\Rubaye...')
#14 C:\\Users\\Rubayet Anjum Joy\\Desktop\\Laravel Project\\blog\\app\\Providers\\RouteServiceProvider.php(40): App\\Providers\\RouteServiceProvider->mapWebRoutes()
#15 [internal function]: App\\Providers\\RouteServiceProvider->map()
#16 C:\\Users\\Rubayet Anjum Joy\\Desktop\\Laravel Project\\blog\\vendor\\laravel\\framework\\src\\Illuminate\\Container\\BoundMethod.php(32): call_user_func_array(Array, Array)
#17 C:\\Users\\Rubayet Anjum Joy\\Desktop\\Laravel Project\\blog\\vendor\\laravel\\framework\\src\\Illuminate\\Container\\BoundMethod.php(90): Illuminate\\Container\\BoundMethod::Illuminate\\Container\\{closure}()
#18 C:\\Users\\Rubayet Anjum Joy\\Desktop\\Laravel Project\\blog\\vendor\\laravel\\framework\\src\\Illuminate\\Container\\BoundMethod.php(34): Illuminate\\Container\\BoundMethod::callBoundMethod(Object(Illuminate\\Foundation\\Application), Array, Object(Closure))
#19 C:\\Users\\Rubayet Anjum Joy\\Desktop\\Laravel Project\\blog\\vendor\\laravel\\framework\\src\\Illuminate\\Container\\Container.php(576): Illuminate\\Container\\BoundMethod::call(Object(Illuminate\\Foundation\\Application), Array, Array, NULL)
#20 C:\\Users\\Rubayet Anjum Joy\\Desktop\\Laravel Project\\blog\\vendor\\laravel\\framework\\src\\Illuminate\\Foundation\\Support\\Providers\\RouteServiceProvider.php(87): Illuminate\\Container\\Container->call(Array)
#21 C:\\Users\\Rubayet Anjum Joy\\Desktop\\Laravel Project\\blog\\vendor\\laravel\\framework\\src\\Illuminate\\Foundation\\Support\\Providers\\RouteServiceProvider.php(36): Illuminate\\Foundation\\Support\\Providers\\RouteServiceProvider->loadRoutes()
#22 C:\\Users\\Rubayet Anjum Joy\\Desktop\\Laravel Project\\blog\\app\\Providers\\RouteServiceProvider.php(28): Illuminate\\Foundation\\Support\\Providers\\RouteServiceProvider->boot()
#23 [internal function]: App\\Providers\\RouteServiceProvider->boot()
#24 C:\\Users\\Rubayet Anjum Joy\\Desktop\\Laravel Project\\blog\\vendor\\laravel\\framework\\src\\Illuminate\\Container\\BoundMethod.php(32): call_user_func_array(Array, Array)
#25 C:\\Users\\Rubayet Anjum Joy\\Desktop\\Laravel Project\\blog\\vendor\\laravel\\framework\\src\\Illuminate\\Container\\BoundMethod.php(90): Illuminate\\Container\\BoundMethod::Illuminate\\Container\\{closure}()
#26 C:\\Users\\Rubayet Anjum Joy\\Desktop\\Laravel Project\\blog\\vendor\\laravel\\framework\\src\\Illuminate\\Container\\BoundMethod.php(34): Illuminate\\Container\\BoundMethod::callBoundMethod(Object(Illuminate\\Foundation\\Application), Array, Object(Closure))
#27 C:\\Users\\Rubayet Anjum Joy\\Desktop\\Laravel Project\\blog\\vendor\\laravel\\framework\\src\\Illuminate\\Container\\Container.php(576): Illuminate\\Container\\BoundMethod::call(Object(Illuminate\\Foundation\\Application), Array, Array, NULL)
#28 C:\\Users\\Rubayet Anjum Joy\\Desktop\\Laravel Project\\blog\\vendor\\laravel\\framework\\src\\Illuminate\\Foundation\\Application.php(827): Illuminate\\Container\\Container->call(Array)
#29 C:\\Users\\Rubayet Anjum Joy\\Desktop\\Laravel Project\\blog\\vendor\\laravel\\framework\\src\\Illuminate\\Foundation\\Application.php(810): Illuminate\\Foundation\\Application->bootProvider(Object(App\\Providers\\RouteServiceProvider))
#30 [internal function]: Illuminate\\Foundation\\Application->Illuminate\\Foundation\\{closure}(Object(App\\Providers\\RouteServiceProvider), 20)
#31 C:\\Users\\Rubayet Anjum Joy\\Desktop\\Laravel Project\\blog\\vendor\\laravel\\framework\\src\\Illuminate\\Foundation\\Application.php(811): array_walk(Array, Object(Closure))
#32 C:\\Users\\Rubayet Anjum Joy\\Desktop\\Laravel Project\\blog\\vendor\\laravel\\framework\\src\\Illuminate\\Foundation\\Bootstrap\\BootProviders.php(17): Illuminate\\Foundation\\Application->boot()
#33 C:\\Users\\Rubayet Anjum Joy\\Desktop\\Laravel Project\\blog\\vendor\\laravel\\framework\\src\\Illuminate\\Foundation\\Application.php(210): Illuminate\\Foundation\\Bootstrap\\BootProviders->bootstrap(Object(Illuminate\\Foundation\\Application))
#34 C:\\Users\\Rubayet Anjum Joy\\Desktop\\Laravel Project\\blog\\vendor\\laravel\\framework\\src\\Illuminate\\Foundation\\Http\\Kernel.php(162): Illuminate\\Foundation\\Application->bootstrapWith(Array)
#35 C:\\Users\\Rubayet Anjum Joy\\Desktop\\Laravel Project\\blog\\vendor\\laravel\\framework\\src\\Illuminate\\Foundation\\Http\\Kernel.php(146): Illuminate\\Foundation\\Http\\Kernel->bootstrap()
#36 C:\\Users\\Rubayet Anjum Joy\\Desktop\\Laravel Project\\blog\\vendor\\laravel\\framework\\src\\Illuminate\\Foundation\\Http\\Kernel.php(116): Illuminate\\Foundation\\Http\\Kernel->sendRequestThroughRouter(Object(Illuminate\\Http\\Request))
#37 C:\\Users\\Rubayet Anjum Joy\\Desktop\\Laravel Project\\blog\\public\\index.php(55): Illuminate\\Foundation\\Http\\Kernel->handle(Object(Illuminate\\Http\\Request))
#38 C:\\Users\\Rubayet Anjum Joy\\Desktop\\Laravel Project\\blog\\server.php(21): require_once('C:\\\\Users\\\\Rubaye...')
#39 {main}
"} 
[2021-02-22 20:58:29] local.ERROR: Invalid route action: [App\Http\Controllers\addmember]. {"exception":"[object] (UnexpectedValueException(code: 0): Invalid route action: [App\\Http\\Controllers\\addmember]. at C:\\Users\\Rubayet Anjum Joy\\Desktop\\Laravel Project\\blog\\vendor\\laravel\\framework\\src\\Illuminate\\Routing\\RouteAction.php:89)
[stacktrace]
#0 C:\\Users\\Rubayet Anjum Joy\\Desktop\\Laravel Project\\blog\\vendor\\laravel\\framework\\src\\Illuminate\\Routing\\RouteAction.php(46): Illuminate\\Routing\\RouteAction::makeInvokable('App\\\\Http\\\\Contro...')
#1 C:\\Users\\Rubayet Anjum Joy\\Desktop\\Laravel Project\\blog\\vendor\\laravel\\framework\\src\\Illuminate\\Routing\\Route.php(162): Illuminate\\Routing\\RouteAction::parse('addmember', Array)
#2 C:\\Users\\Rubayet Anjum Joy\\Desktop\\Laravel Project\\blog\\vendor\\laravel\\framework\\src\\Illuminate\\Routing\\Route.php(141): Illuminate\\Routing\\Route->parseAction(Array)
#3 C:\\Users\\Rubayet Anjum Joy\\Desktop\\Laravel Project\\blog\\vendor\\laravel\\framework\\src\\Illuminate\\Routing\\Router.php(547): Illuminate\\Routing\\Route->__construct(Array, 'addmember', Array)
#4 C:\\Users\\Rubayet Anjum Joy\\Desktop\\Laravel Project\\blog\\vendor\\laravel\\framework\\src\\Illuminate\\Routing\\Router.php(466): Illuminate\\Routing\\Router->newRoute(Array, 'addmember', Array)
#5 C:\\Users\\Rubayet Anjum Joy\\Desktop\\Laravel Project\\blog\\vendor\\laravel\\framework\\src\\Illuminate\\Routing\\Router.php(445): Illuminate\\Routing\\Router->createRoute(Array, '/addmember', Array)
#6 C:\\Users\\Rubayet Anjum Joy\\Desktop\\Laravel Project\\blog\\vendor\\laravel\\framework\\src\\Illuminate\\Routing\\Router.php(144): Illuminate\\Routing\\Router->addRoute(Array, '/addmember', 'addmember')
#7 C:\\Users\\Rubayet Anjum Joy\\Desktop\\Laravel Project\\blog\\vendor\\laravel\\framework\\src\\Illuminate\\Support\\Facades\\Facade.php(239): Illuminate\\Routing\\Router->get('/addmember', 'addmember')
#8 C:\\Users\\Rubayet Anjum Joy\\Desktop\\Laravel Project\\blog\outes\\web.php(20): Illuminate\\Support\\Facades\\Facade::__callStatic('get', Array)
#9 C:\\Users\\Rubayet Anjum Joy\\Desktop\\Laravel Project\\blog\\vendor\\laravel\\framework\\src\\Illuminate\\Routing\\RouteFileRegistrar.php(35): require('C:\\\\Users\\\\Rubaye...')
#10 C:\\Users\\Rubayet Anjum Joy\\Desktop\\Laravel Project\\blog\\vendor\\laravel\\framework\\src\\Illuminate\\Routing\\Router.php(415): Illuminate\\Routing\\RouteFileRegistrar->register('C:\\\\Users\\\\Rubaye...')
#11 C:\\Users\\Rubayet Anjum Joy\\Desktop\\Laravel Project\\blog\\vendor\\laravel\\framework\\src\\Illuminate\\Routing\\Router.php(373): Illuminate\\Routing\\Router->loadRoutes('C:\\\\Users\\\\Rubaye...')
#12 C:\\Users\\Rubayet Anjum Joy\\Desktop\\Laravel Project\\blog\\vendor\\laravel\\framework\\src\\Illuminate\\Routing\\RouteRegistrar.php(121): Illuminate\\Routing\\Router->group(Array, 'C:\\\\Users\\\\Rubaye...')
#13 C:\\Users\\Rubayet Anjum Joy\\Desktop\\Laravel Project\\blog\\app\\Providers\\RouteServiceProvider.php(56): Illuminate\\Routing\\RouteRegistrar->group('C:\\\\Users\\\\Rubaye...')
#14 C:\\Users\\Rubayet Anjum Joy\\Desktop\\Laravel Project\\blog\\app\\Providers\\RouteServiceProvider.php(40): App\\Providers\\RouteServiceProvider->mapWebRoutes()
#15 [internal function]: App\\Providers\\RouteServiceProvider->map()
#16 C:\\Users\\Rubayet Anjum Joy\\Desktop\\Laravel Project\\blog\\vendor\\laravel\\framework\\src\\Illuminate\\Container\\BoundMethod.php(32): call_user_func_array(Array, Array)
#17 C:\\Users\\Rubayet Anjum Joy\\Desktop\\Laravel Project\\blog\\vendor\\laravel\\framework\\src\\Illuminate\\Container\\BoundMethod.php(90): Illuminate\\Container\\BoundMethod::Illuminate\\Container\\{closure}()
#18 C:\\Users\\Rubayet Anjum Joy\\Desktop\\Laravel Project\\blog\\vendor\\laravel\\framework\\src\\Illuminate\\Container\\BoundMethod.php(34): Illuminate\\Container\\BoundMethod::callBoundMethod(Object(Illuminate\\Foundation\\Application), Array, Object(Closure))
#19 C:\\Users\\Rubayet Anjum Joy\\Desktop\\Laravel Project\\blog\\vendor\\laravel\\framework\\src\\Illuminate\\Container\\Container.php(576): Illuminate\\Container\\BoundMethod::call(Object(Illuminate\\Foundation\\Application), Array, Array, NULL)
#20 C:\\Users\\Rubayet Anjum Joy\\Desktop\\Laravel Project\\blog\\vendor\\laravel\\framework\\src\\Illuminate\\Foundation\\Support\\Providers\\RouteServiceProvider.php(87): Illuminate\\Container\\Container->call(Array)
#21 C:\\Users\\Rubayet Anjum Joy\\Desktop\\Laravel Project\\blog\\vendor\\laravel\\framework\\src\\Illuminate\\Foundation\\Support\\Providers\\RouteServiceProvider.php(36): Illuminate\\Foundation\\Support\\Providers\\RouteServiceProvider->loadRoutes()
#22 C:\\Users\\Rubayet Anjum Joy\\Desktop\\Laravel Project\\blog\\app\\Providers\\RouteServiceProvider.php(28): Illuminate\\Foundation\\Support\\Providers\\RouteServiceProvider->boot()
#23 [internal function]: App\\Providers\\RouteServiceProvider->boot()
#24 C:\\Users\\Rubayet Anjum Joy\\Desktop\\Laravel Project\\blog\\vendor\\laravel\\framework\\src\\Illuminate\\Container\\BoundMethod.php(32): call_user_func_array(Array, Array)
#25 C:\\Users\\Rubayet Anjum Joy\\Desktop\\Laravel Project\\blog\\vendor\\laravel\\framework\\src\\Illuminate\\Container\\BoundMethod.php(90): Illuminate\\Container\\BoundMethod::Illuminate\\Container\\{closure}()
#26 C:\\Users\\Rubayet Anjum Joy\\Desktop\\Laravel Project\\blog\\vendor\\laravel\\framework\\src\\Illuminate\\Container\\BoundMethod.php(34): Illuminate\\Container\\BoundMethod::callBoundMethod(Object(Illuminate\\Foundation\\Application), Array, Object(Closure))
#27 C:\\Users\\Rubayet Anjum Joy\\Desktop\\Laravel Project\\blog\\vendor\\laravel\\framework\\src\\Illuminate\\Container\\Container.php(576): Illuminate\\Container\\BoundMethod::call(Object(Illuminate\\Foundation\\Application), Array, Array, NULL)
#28 C:\\Users\\Rubayet Anjum Joy\\Desktop\\Laravel Project\\blog\\vendor\\laravel\\framework\\src\\Illuminate\\Foundation\\Application.php(827): Illuminate\\Container\\Container->call(Array)
#29 C:\\Users\\Rubayet Anjum Joy\\Desktop\\Laravel Project\\blog\\vendor\\laravel\\framework\\src\\Illuminate\\Foundation\\Application.php(810): Illuminate\\Foundation\\Application->bootProvider(Object(App\\Providers\\RouteServiceProvider))
#30 [internal function]: Illuminate\\Foundation\\Application->Illuminate\\Foundation\\{closure}(Object(App\\Providers\\RouteServiceProvider), 20)
#31 C:\\Users\\Rubayet Anjum Joy\\Desktop\\Laravel Project\\blog\\vendor\\laravel\\framework\\src\\Illuminate\\Foundation\\Application.php(811): array_walk(Array, Object(Closure))
#32 C:\\Users\\Rubayet Anjum Joy\\Desktop\\Laravel Project\\blog\\vendor\\laravel\\framework\\src\\Illuminate\\Foundation\\Bootstrap\\BootProviders.php(17): Illuminate\\Foundation\\Application->boot()
#33 C:\\Users\\Rubayet Anjum Joy\\Desktop\\Laravel Project\\blog\\vendor\\laravel\\framework\\src\\Illuminate\\Foundation\\Application.php(210): Illuminate\\Foundation\\Bootstrap\\BootProviders->bootstrap(Object(Illuminate\\Foundation\\Application))
#34 C:\\Users\\Rubayet Anjum Joy\\Desktop\\Laravel Project\\blog\\vendor\\laravel\\framework\\src\\Illuminate\\Foundation\\Http\\Kernel.php(162): Illuminate\\Foundation\\Application->bootstrapWith(Array)
#35 C:\\Users\\Rubayet Anjum Joy\\Desktop\\Laravel Project\\blog\\vendor\\laravel\\framework\\src\\Illuminate\\Foundation\\Http\\Kernel.php(146): Illuminate\\Foundation\\Http\\Kernel->bootstrap()
#36 C:\\Users\\Rubayet Anjum Joy\\Desktop\\Laravel Project\\blog\\vendor\\laravel\\framework\\src\\Illuminate\\Foundation\\Http\\Kernel.php(116): Illuminate\\Foundation\\Http\\Kernel->sendRequestThroughRouter(Object(Illuminate\\Http\\Request))
#37 C:\\Users\\Rubayet Anjum Joy\\Desktop\\Laravel Project\\blog\\public\\index.php(55): Illuminate\\Foundation\\Http\\Kernel->handle(Object(Illuminate\\Http\\Request))
#38 C:\\Users\\Rubayet Anjum Joy\\Desktop\\Laravel Project\\blog\\server.php(21): require_once('C:\\\\Users\\\\Rubaye...')
#39 {main}
"} 
[2021-02-22 20:59:13] local.ERROR: syntax error, unexpected '}', expecting ';' {"exception":"[object] (Symfony\\Component\\Debug\\Exception\\FatalThrowableError(code: 0): syntax error, unexpected '}', expecting ';' at C:\\Users\\Rubayet Anjum Joy\\Desktop\\Laravel Project\\blog\\app\\Http\\Controllers\\memberController.php:15)
[stacktrace]
#0 C:\\Users\\Rubayet Anjum Joy\\Desktop\\Laravel Project\\blog\\vendor\\composer\\ClassLoader.php(344): Composer\\Autoload\\includeFile('C:\\\\Users\\\\Rubaye...')
#1 [internal function]: Composer\\Autoload\\ClassLoader->loadClass('App\\\\Http\\\\Contro...')
#2 [internal function]: spl_autoload_call('App\\\\Http\\\\Contro...')
#3 C:\\Users\\Rubayet Anjum Joy\\Desktop\\Laravel Project\\blog\\vendor\\laravel\\framework\\src\\Illuminate\\Container\\Container.php(788): ReflectionClass->__construct('App\\\\Http\\\\Contro...')
#4 C:\\Users\\Rubayet Anjum Joy\\Desktop\\Laravel Project\\blog\\vendor\\laravel\\framework\\src\\Illuminate\\Container\\Container.php(667): Illuminate\\Container\\Container->build('App\\\\Http\\\\Contro...')
#5 C:\\Users\\Rubayet Anjum Joy\\Desktop\\Laravel Project\\blog\\vendor\\laravel\\framework\\src\\Illuminate\\Container\\Container.php(615): Illuminate\\Container\\Container->resolve('App\\\\Http\\\\Contro...', Array)
#6 C:\\Users\\Rubayet Anjum Joy\\Desktop\\Laravel Project\\blog\\vendor\\laravel\\framework\\src\\Illuminate\\Foundation\\Application.php(767): Illuminate\\Container\\Container->make('App\\\\Http\\\\Contro...', Array)
#7 C:\\Users\\Rubayet Anjum Joy\\Desktop\\Laravel Project\\blog\\vendor\\laravel\\framework\\src\\Illuminate\\Routing\\Route.php(233): Illuminate\\Foundation\\Application->make('App\\\\Http\\\\Contro...')
#8 C:\\Users\\Rubayet Anjum Joy\\Desktop\\Laravel Project\\blog\\vendor\\laravel\\framework\\src\\Illuminate\\Routing\\Route.php(833): Illuminate\\Routing\\Route->getController()
#9 C:\\Users\\Rubayet Anjum Joy\\Desktop\\Laravel Project\\blog\\vendor\\laravel\\framework\\src\\Illuminate\\Routing\\Route.php(794): Illuminate\\Routing\\Route->controllerMiddleware()
#10 C:\\Users\\Rubayet Anjum Joy\\Desktop\\Laravel Project\\blog\\vendor\\laravel\\framework\\src\\Illuminate\\Routing\\Router.php(693): Illuminate\\Routing\\Route->gatherMiddleware()
#11 C:\\Users\\Rubayet Anjum Joy\\Desktop\\Laravel Project\\blog\\vendor\\laravel\\framework\\src\\Illuminate\\Routing\\Router.php(673): Illuminate\\Routing\\Router->gatherRouteMiddleware(Object(Illuminate\\Routing\\Route))
#12 C:\\Users\\Rubayet Anjum Joy\\Desktop\\Laravel Project\\blog\\vendor\\laravel\\framework\\src\\Illuminate\\Routing\\Router.php(657): Illuminate\\Routing\\Router->runRouteWithinStack(Object(Illuminate\\Routing\\Route), Object(Illuminate\\Http\\Request))
#13 C:\\Users\\Rubayet Anjum Joy\\Desktop\\Laravel Project\\blog\\vendor\\laravel\\framework\\src\\Illuminate\\Routing\\Router.php(623): Illuminate\\Routing\\Router->runRoute(Object(Illuminate\\Http\\Request), Object(Illuminate\\Routing\\Route))
#14 C:\\Users\\Rubayet Anjum Joy\\Desktop\\Laravel Project\\blog\\vendor\\laravel\\framework\\src\\Illuminate\\Routing\\Router.php(612): Illuminate\\Routing\\Router->dispatchToRoute(Object(Illuminate\\Http\\Request))
#15 C:\\Users\\Rubayet Anjum Joy\\Desktop\\Laravel Project\\blog\\vendor\\laravel\\framework\\src\\Illuminate\\Foundation\\Http\\Kernel.php(176): Illuminate\\Routing\\Router->dispatch(Object(Illuminate\\Http\\Request))
#16 C:\\Users\\Rubayet Anjum Joy\\Desktop\\Laravel Project\\blog\\vendor\\laravel\\framework\\src\\Illuminate\\Routing\\Pipeline.php(30): Illuminate\\Foundation\\Http\\Kernel->Illuminate\\Foundation\\Http\\{closure}(Object(Illuminate\\Http\\Request))
#17 C:\\Users\\Rubayet Anjum Joy\\Desktop\\Laravel Project\\blog\\vendor\\laravel\\framework\\src\\Illuminate\\Foundation\\Http\\Middleware\\TransformsRequest.php(21): Illuminate\\Routing\\Pipeline->Illuminate\\Routing\\{closure}(Object(Illuminate\\Http\\Request))
#18 C:\\Users\\Rubayet Anjum Joy\\Desktop\\Laravel Project\\blog\\vendor\\laravel\\framework\\src\\Illuminate\\Pipeline\\Pipeline.php(163): Illuminate\\Foundation\\Http\\Middleware\\TransformsRequest->handle(Object(Illuminate\\Http\\Request), Object(Closure))
#19 C:\\Users\\Rubayet Anjum Joy\\Desktop\\Laravel Project\\blog\\vendor\\laravel\\framework\\src\\Illuminate\\Routing\\Pipeline.php(53): Illuminate\\Pipeline\\Pipeline->Illuminate\\Pipeline\\{closure}(Object(Illuminate\\Http\\Request))
#20 C:\\Users\\Rubayet Anjum Joy\\Desktop\\Laravel Project\\blog\\vendor\\laravel\\framework\\src\\Illuminate\\Foundation\\Http\\Middleware\\TransformsRequest.php(21): Illuminate\\Routing\\Pipeline->Illuminate\\Routing\\{closure}(Object(Illuminate\\Http\\Request))
#21 C:\\Users\\Rubayet Anjum Joy\\Desktop\\Laravel Project\\blog\\vendor\\laravel\\framework\\src\\Illuminate\\Pipeline\\Pipeline.php(163): Illuminate\\Foundation\\Http\\Middleware\\TransformsRequest->handle(Object(Illuminate\\Http\\Request), Object(Closure))
#22 C:\\Users\\Rubayet Anjum Joy\\Desktop\\Laravel Project\\blog\\vendor\\laravel\\framework\\src\\Illuminate\\Routing\\Pipeline.php(53): Illuminate\\Pipeline\\Pipeline->Illuminate\\Pipeline\\{closure}(Object(Illuminate\\Http\\Request))
#23 C:\\Users\\Rubayet Anjum Joy\\Desktop\\Laravel Project\\blog\\vendor\\laravel\\framework\\src\\Illuminate\\Foundation\\Http\\Middleware\\ValidatePostSize.php(27): Illuminate\\Routing\\Pipeline->Illuminate\\Routing\\{closure}(Object(Illuminate\\Http\\Request))
#24 C:\\Users\\Rubayet Anjum Joy\\Desktop\\Laravel Project\\blog\\vendor\\laravel\\framework\\src\\Illuminate\\Pipeline\\Pipeline.php(163): Illuminate\\Foundation\\Http\\Middleware\\ValidatePostSize->handle(Object(Illuminate\\Http\\Request), Object(Closure))
#25 C:\\Users\\Rubayet Anjum Joy\\Desktop\\Laravel Project\\blog\\vendor\\laravel\\framework\\src\\Illuminate\\Routing\\Pipeline.php(53): Illuminate\\Pipeline\\Pipeline->Illuminate\\Pipeline\\{closure}(Object(Illuminate\\Http\\Request))
#26 C:\\Users\\Rubayet Anjum Joy\\Desktop\\Laravel Project\\blog\\vendor\\laravel\\framework\\src\\Illuminate\\Foundation\\Http\\Middleware\\CheckForMaintenanceMode.php(62): Illuminate\\Routing\\Pipeline->Illuminate\\Routing\\{closure}(Object(Illuminate\\Http\\Request))
#27 C:\\Users\\Rubayet Anjum Joy\\Desktop\\Laravel Project\\blog\\vendor\\laravel\\framework\\src\\Illuminate\\Pipeline\\Pipeline.php(163): Illuminate\\Foundation\\Http\\Middleware\\CheckForMaintenanceMode->handle(Object(Illuminate\\Http\\Request), Object(Closure))
#28 C:\\Users\\Rubayet Anjum Joy\\Desktop\\Laravel Project\\blog\\vendor\\laravel\\framework\\src\\Illuminate\\Routing\\Pipeline.php(53): Illuminate\\Pipeline\\Pipeline->Illuminate\\Pipeline\\{closure}(Object(Illuminate\\Http\\Request))
#29 C:\\Users\\Rubayet Anjum Joy\\Desktop\\Laravel Project\\blog\\vendor\\fideloper\\proxy\\src\\TrustProxies.php(57): Illuminate\\Routing\\Pipeline->Illuminate\\Routing\\{closure}(Object(Illuminate\\Http\\Request))
#30 C:\\Users\\Rubayet Anjum Joy\\Desktop\\Laravel Project\\blog\\vendor\\laravel\\framework\\src\\Illuminate\\Pipeline\\Pipeline.php(163): Fideloper\\Proxy\\TrustProxies->handle(Object(Illuminate\\Http\\Request), Object(Closure))
#31 C:\\Users\\Rubayet Anjum Joy\\Desktop\\Laravel Project\\blog\\vendor\\laravel\\framework\\src\\Illuminate\\Routing\\Pipeline.php(53): Illuminate\\Pipeline\\Pipeline->Illuminate\\Pipeline\\{closure}(Object(Illuminate\\Http\\Request))
#32 C:\\Users\\Rubayet Anjum Joy\\Desktop\\Laravel Project\\blog\\vendor\\laravel\\framework\\src\\Illuminate\\Pipeline\\Pipeline.php(104): Illuminate\\Routing\\Pipeline->Illuminate\\Routing\\{closure}(Object(Illuminate\\Http\\Request))
#33 C:\\Users\\Rubayet Anjum Joy\\Desktop\\Laravel Project\\blog\\vendor\\laravel\\framework\\src\\Illuminate\\Foundation\\Http\\Kernel.php(151): Illuminate\\Pipeline\\Pipeline->then(Object(Closure))
#34 C:\\Users\\Rubayet Anjum Joy\\Desktop\\Laravel Project\\blog\\vendor\\laravel\\framework\\src\\Illuminate\\Foundation\\Http\\Kernel.php(116): Illuminate\\Foundation\\Http\\Kernel->sendRequestThroughRouter(Object(Illuminate\\Http\\Request))
#35 C:\\Users\\Rubayet Anjum Joy\\Desktop\\Laravel Project\\blog\\public\\index.php(55): Illuminate\\Foundation\\Http\\Kernel->handle(Object(Illuminate\\Http\\Request))
#36 C:\\Users\\Rubayet Anjum Joy\\Desktop\\Laravel Project\\blog\\server.php(21): require_once('C:\\\\Users\\\\Rubaye...')
#37 {main}
"} 
